[06-Nov-2017 23:50:54 UTC] PHP Fatal error:  Call to undefined function setInterval() in /home/ubuntu/workspace/Intern_Register/interninsert.php on line 45
[06-Nov-2017 23:50:54 UTC] PHP Stack trace:
[06-Nov-2017 23:50:54 UTC] PHP   1. {main}() /home/ubuntu/workspace/Intern_Register/interninsert.php:0
[14-Nov-2017 14:14:10 UTC] PHP Warning:  mysqli::mysqli(): php_network_getaddresses: getaddrinfo failed: Name or service not known in /home/ubuntu/workspace/Project_Search/Project_Search.php on line 23
[14-Nov-2017 14:14:10 UTC] PHP Stack trace:
[14-Nov-2017 14:14:10 UTC] PHP   1. {main}() /home/ubuntu/workspace/Project_Search/Project_Search.php:0
[14-Nov-2017 14:14:10 UTC] PHP   2. mysqli->mysqli() /home/ubuntu/workspace/Project_Search/Project_Search.php:23
[14-Nov-2017 14:14:10 UTC] PHP Warning:  mysqli::mysqli(): (HY000/2002): php_network_getaddresses: getaddrinfo failed: Name or service not known in /home/ubuntu/workspace/Project_Search/Project_Search.php on line 23
[14-Nov-2017 14:14:10 UTC] PHP Stack trace:
[14-Nov-2017 14:14:10 UTC] PHP   1. {main}() /home/ubuntu/workspace/Project_Search/Project_Search.php:0
[14-Nov-2017 14:14:10 UTC] PHP   2. mysqli->mysqli() /home/ubuntu/workspace/Project_Search/Project_Search.php:23
[14-Nov-2017 14:16:32 UTC] PHP Fatal error:  Class 'mysql' not found in /home/ubuntu/workspace/Project_Search/Project_Search.php on line 23
[14-Nov-2017 14:16:32 UTC] PHP Stack trace:
[14-Nov-2017 14:16:32 UTC] PHP   1. {main}() /home/ubuntu/workspace/Project_Search/Project_Search.php:0
[14-Nov-2017 14:17:50 UTC] PHP Warning:  PDO::__construct(): php_network_getaddresses: getaddrinfo failed: Name or service not known in /home/ubuntu/workspace/Project_Search/Project_Search.php on line 22
[14-Nov-2017 14:17:50 UTC] PHP Stack trace:
[14-Nov-2017 14:17:50 UTC] PHP   1. {main}() /home/ubuntu/workspace/Project_Search/Project_Search.php:0
[14-Nov-2017 14:17:50 UTC] PHP   2. PDO->__construct() /home/ubuntu/workspace/Project_Search/Project_Search.php:22
[14-Nov-2017 14:17:50 UTC] PHP Fatal error:  Uncaught exception 'PDOException' with message 'SQLSTATE[HY000] [2002] php_network_getaddresses: getaddrinfo failed: Name or service not known' in /home/ubuntu/workspace/Project_Search/Project_Search.php:22
Stack trace:
#0 /home/ubuntu/workspace/Project_Search/Project_Search.php(22): PDO->__construct('mysql:host=myDB...', 'conorhorgan95', '')
#1 {main}
  thrown in /home/ubuntu/workspace/Project_Search/Project_Search.php on line 22
[14-Nov-2017 14:19:07 UTC] PHP Fatal error:  Uncaught exception 'PDOException' with message 'SQLSTATE[42000]: Syntax error or access violation: 1064 You have an error in your SQL syntax; check the manual that corresponds to your MySQL server version for the right syntax to use near '-registration' at line 1' in /home/ubuntu/workspace/Project_Search/Project_Search.php:31
Stack trace:
#0 /home/ubuntu/workspace/Project_Search/Project_Search.php(31): PDO->query('SELECT id, proj...')
#1 {main}
  thrown in /home/ubuntu/workspace/Project_Search/Project_Search.php on line 31
[14-Nov-2017 14:20:25 UTC] PHP Fatal error:  Uncaught exception 'PDOException' with message 'SQLSTATE[42000]: Syntax error or access violation: 1064 You have an error in your SQL syntax; check the manual that corresponds to your MySQL server version for the right syntax to use near '-registration' at line 1' in /home/ubuntu/workspace/Project_Search/Project_Search.php:31
Stack trace:
#0 /home/ubuntu/workspace/Project_Search/Project_Search.php(31): PDO->query('SELECT id, proj...')
#1 {main}
  thrown in /home/ubuntu/workspace/Project_Search/Project_Search.php on line 31
[14-Nov-2017 14:28:23 UTC] PHP Fatal error:  Call to undefined method PDO::close() in /home/ubuntu/workspace/Project_Search/Project_Search.php on line 41
[14-Nov-2017 14:28:23 UTC] PHP Stack trace:
[14-Nov-2017 14:28:23 UTC] PHP   1. {main}() /home/ubuntu/workspace/Project_Search/Project_Search.php:0
[14-Nov-2017 14:31:10 UTC] PHP Parse error:  syntax error, unexpected '(', expecting '{' in /home/ubuntu/workspace/Project_Search/Project_Search.php on line 25
[14-Nov-2017 14:32:42 UTC] PHP Fatal error:  Cannot use try without catch or finally in /home/ubuntu/workspace/Project_Search/Project_Search.php on line 37
[14-Nov-2017 14:33:03 UTC] PHP Parse error:  syntax error, unexpected '<' in /home/ubuntu/workspace/Project_Search/Project_Search.php on line 44
[14-Nov-2017 14:34:18 UTC] PHP Parse error:  syntax error, unexpected '<' in /home/ubuntu/workspace/Project_Search/Project_Search.php on line 92
[14-Nov-2017 14:34:54 UTC] PHP Parse error:  syntax error, unexpected '<' in /home/ubuntu/workspace/Project_Search/Project_Search.php on line 94
[14-Nov-2017 15:38:33 UTC] PHP Warning:  mysqli_connect(): (HY000/1049): Unknown database 'testing' in /home/ubuntu/workspace/Project_Search/Project_Search_DoubleTest.php on line 2
[14-Nov-2017 15:38:33 UTC] PHP Stack trace:
[14-Nov-2017 15:38:33 UTC] PHP   1. {main}() /home/ubuntu/workspace/Project_Search/Project_Search_DoubleTest.php:0
[14-Nov-2017 15:38:33 UTC] PHP   2. mysqli_connect() /home/ubuntu/workspace/Project_Search/Project_Search_DoubleTest.php:2
[14-Nov-2017 15:38:33 UTC] PHP Warning:  mysqli_query() expects parameter 1 to be mysqli, boolean given in /home/ubuntu/workspace/Project_Search/Project_Search_DoubleTest.php on line 4
[14-Nov-2017 15:38:33 UTC] PHP Stack trace:
[14-Nov-2017 15:38:33 UTC] PHP   1. {main}() /home/ubuntu/workspace/Project_Search/Project_Search_DoubleTest.php:0
[14-Nov-2017 15:38:33 UTC] PHP   2. mysqli_query() /home/ubuntu/workspace/Project_Search/Project_Search_DoubleTest.php:4
[14-Nov-2017 15:38:33 UTC] PHP Warning:  mysqli_fetch_array() expects parameter 1 to be mysqli_result, null given in /home/ubuntu/workspace/Project_Search/Project_Search_DoubleTest.php on line 32
[14-Nov-2017 15:38:33 UTC] PHP Stack trace:
[14-Nov-2017 15:38:33 UTC] PHP   1. {main}() /home/ubuntu/workspace/Project_Search/Project_Search_DoubleTest.php:0
[14-Nov-2017 15:38:33 UTC] PHP   2. mysqli_fetch_array() /home/ubuntu/workspace/Project_Search/Project_Search_DoubleTest.php:32
[14-Nov-2017 15:41:49 UTC] PHP Warning:  mysqli_connect(): (HY000/1045): Access denied for user 'intern_portal'@'localhost' (using password: YES) in /home/ubuntu/workspace/Project_Search/Project_Search_DoubleTest.php on line 2
[14-Nov-2017 15:41:49 UTC] PHP Stack trace:
[14-Nov-2017 15:41:49 UTC] PHP   1. {main}() /home/ubuntu/workspace/Project_Search/Project_Search_DoubleTest.php:0
[14-Nov-2017 15:41:49 UTC] PHP   2. mysqli_connect() /home/ubuntu/workspace/Project_Search/Project_Search_DoubleTest.php:2
[14-Nov-2017 15:41:49 UTC] PHP Warning:  mysqli_query() expects parameter 1 to be mysqli, boolean given in /home/ubuntu/workspace/Project_Search/Project_Search_DoubleTest.php on line 4
[14-Nov-2017 15:41:49 UTC] PHP Stack trace:
[14-Nov-2017 15:41:49 UTC] PHP   1. {main}() /home/ubuntu/workspace/Project_Search/Project_Search_DoubleTest.php:0
[14-Nov-2017 15:41:49 UTC] PHP   2. mysqli_query() /home/ubuntu/workspace/Project_Search/Project_Search_DoubleTest.php:4
[14-Nov-2017 15:41:49 UTC] PHP Warning:  mysqli_fetch_array() expects parameter 1 to be mysqli_result, null given in /home/ubuntu/workspace/Project_Search/Project_Search_DoubleTest.php on line 32
[14-Nov-2017 15:41:49 UTC] PHP Stack trace:
[14-Nov-2017 15:41:49 UTC] PHP   1. {main}() /home/ubuntu/workspace/Project_Search/Project_Search_DoubleTest.php:0
[14-Nov-2017 15:41:49 UTC] PHP   2. mysqli_fetch_array() /home/ubuntu/workspace/Project_Search/Project_Search_DoubleTest.php:32
[14-Nov-2017 15:43:52 UTC] PHP Warning:  mysqli_connect(): (HY000/1045): Access denied for user 'intern_portal'@'localhost' (using password: YES) in /home/ubuntu/workspace/Project_Search/Project_Search_DoubleTest.php on line 6
[14-Nov-2017 15:43:52 UTC] PHP Stack trace:
[14-Nov-2017 15:43:52 UTC] PHP   1. {main}() /home/ubuntu/workspace/Project_Search/Project_Search_DoubleTest.php:0
[14-Nov-2017 15:43:52 UTC] PHP   2. mysqli_connect() /home/ubuntu/workspace/Project_Search/Project_Search_DoubleTest.php:6
[14-Nov-2017 15:43:52 UTC] PHP Warning:  mysqli_query() expects parameter 1 to be mysqli, boolean given in /home/ubuntu/workspace/Project_Search/Project_Search_DoubleTest.php on line 8
[14-Nov-2017 15:43:52 UTC] PHP Stack trace:
[14-Nov-2017 15:43:52 UTC] PHP   1. {main}() /home/ubuntu/workspace/Project_Search/Project_Search_DoubleTest.php:0
[14-Nov-2017 15:43:52 UTC] PHP   2. mysqli_query() /home/ubuntu/workspace/Project_Search/Project_Search_DoubleTest.php:8
[14-Nov-2017 15:43:52 UTC] PHP Warning:  mysqli_fetch_array() expects parameter 1 to be mysqli_result, null given in /home/ubuntu/workspace/Project_Search/Project_Search_DoubleTest.php on line 36
[14-Nov-2017 15:43:52 UTC] PHP Stack trace:
[14-Nov-2017 15:43:52 UTC] PHP   1. {main}() /home/ubuntu/workspace/Project_Search/Project_Search_DoubleTest.php:0
[14-Nov-2017 15:43:52 UTC] PHP   2. mysqli_fetch_array() /home/ubuntu/workspace/Project_Search/Project_Search_DoubleTest.php:36
[14-Nov-2017 15:44:05 UTC] PHP Warning:  mysqli_connect(): (HY000/1045): Access denied for user 'intern_portal'@'localhost' (using password: YES) in /home/ubuntu/workspace/Project_Search/Project_Search_DoubleTest.php on line 6
[14-Nov-2017 15:44:05 UTC] PHP Stack trace:
[14-Nov-2017 15:44:05 UTC] PHP   1. {main}() /home/ubuntu/workspace/Project_Search/Project_Search_DoubleTest.php:0
[14-Nov-2017 15:44:05 UTC] PHP   2. mysqli_connect() /home/ubuntu/workspace/Project_Search/Project_Search_DoubleTest.php:6
[14-Nov-2017 15:44:05 UTC] PHP Warning:  mysqli_query() expects parameter 1 to be mysqli, boolean given in /home/ubuntu/workspace/Project_Search/Project_Search_DoubleTest.php on line 8
[14-Nov-2017 15:44:05 UTC] PHP Stack trace:
[14-Nov-2017 15:44:05 UTC] PHP   1. {main}() /home/ubuntu/workspace/Project_Search/Project_Search_DoubleTest.php:0
[14-Nov-2017 15:44:05 UTC] PHP   2. mysqli_query() /home/ubuntu/workspace/Project_Search/Project_Search_DoubleTest.php:8
[14-Nov-2017 15:44:05 UTC] PHP Warning:  mysqli_fetch_array() expects parameter 1 to be mysqli_result, null given in /home/ubuntu/workspace/Project_Search/Project_Search_DoubleTest.php on line 36
[14-Nov-2017 15:44:05 UTC] PHP Stack trace:
[14-Nov-2017 15:44:05 UTC] PHP   1. {main}() /home/ubuntu/workspace/Project_Search/Project_Search_DoubleTest.php:0
[14-Nov-2017 15:44:05 UTC] PHP   2. mysqli_fetch_array() /home/ubuntu/workspace/Project_Search/Project_Search_DoubleTest.php:36
[14-Nov-2017 15:45:03 UTC] PHP Warning:  mysqli_connect(): (HY000/1045): Access denied for user 'intern_portal'@'localhost' (using password: YES) in /home/ubuntu/workspace/Project_Search/Project_Search_DoubleTest.php on line 6
[14-Nov-2017 15:45:03 UTC] PHP Stack trace:
[14-Nov-2017 15:45:03 UTC] PHP   1. {main}() /home/ubuntu/workspace/Project_Search/Project_Search_DoubleTest.php:0
[14-Nov-2017 15:45:03 UTC] PHP   2. mysqli_connect() /home/ubuntu/workspace/Project_Search/Project_Search_DoubleTest.php:6
[14-Nov-2017 15:45:03 UTC] PHP Warning:  mysqli_query() expects parameter 1 to be mysqli, boolean given in /home/ubuntu/workspace/Project_Search/Project_Search_DoubleTest.php on line 8
[14-Nov-2017 15:45:03 UTC] PHP Stack trace:
[14-Nov-2017 15:45:03 UTC] PHP   1. {main}() /home/ubuntu/workspace/Project_Search/Project_Search_DoubleTest.php:0
[14-Nov-2017 15:45:03 UTC] PHP   2. mysqli_query() /home/ubuntu/workspace/Project_Search/Project_Search_DoubleTest.php:8
[14-Nov-2017 15:45:03 UTC] PHP Warning:  mysqli_fetch_array() expects parameter 1 to be mysqli_result, null given in /home/ubuntu/workspace/Project_Search/Project_Search_DoubleTest.php on line 36
[14-Nov-2017 15:45:03 UTC] PHP Stack trace:
[14-Nov-2017 15:45:03 UTC] PHP   1. {main}() /home/ubuntu/workspace/Project_Search/Project_Search_DoubleTest.php:0
[14-Nov-2017 15:45:03 UTC] PHP   2. mysqli_fetch_array() /home/ubuntu/workspace/Project_Search/Project_Search_DoubleTest.php:36
[14-Nov-2017 15:45:25 UTC] PHP Warning:  mysqli_connect(): (HY000/1045): Access denied for user 'intern_portal'@'localhost' (using password: YES) in /home/ubuntu/workspace/Project_Search/Project_Search_DoubleTest.php on line 6
[14-Nov-2017 15:45:25 UTC] PHP Stack trace:
[14-Nov-2017 15:45:25 UTC] PHP   1. {main}() /home/ubuntu/workspace/Project_Search/Project_Search_DoubleTest.php:0
[14-Nov-2017 15:45:25 UTC] PHP   2. mysqli_connect() /home/ubuntu/workspace/Project_Search/Project_Search_DoubleTest.php:6
[14-Nov-2017 15:45:25 UTC] PHP Warning:  mysqli_query() expects parameter 1 to be mysqli, boolean given in /home/ubuntu/workspace/Project_Search/Project_Search_DoubleTest.php on line 8
[14-Nov-2017 15:45:25 UTC] PHP Stack trace:
[14-Nov-2017 15:45:25 UTC] PHP   1. {main}() /home/ubuntu/workspace/Project_Search/Project_Search_DoubleTest.php:0
[14-Nov-2017 15:45:25 UTC] PHP   2. mysqli_query() /home/ubuntu/workspace/Project_Search/Project_Search_DoubleTest.php:8
[14-Nov-2017 15:45:25 UTC] PHP Warning:  mysqli_fetch_array() expects parameter 1 to be mysqli_result, null given in /home/ubuntu/workspace/Project_Search/Project_Search_DoubleTest.php on line 36
[14-Nov-2017 15:45:25 UTC] PHP Stack trace:
[14-Nov-2017 15:45:25 UTC] PHP   1. {main}() /home/ubuntu/workspace/Project_Search/Project_Search_DoubleTest.php:0
[14-Nov-2017 15:45:25 UTC] PHP   2. mysqli_fetch_array() /home/ubuntu/workspace/Project_Search/Project_Search_DoubleTest.php:36
[14-Nov-2017 15:49:22 UTC] PHP Warning:  mysqli_connect(): (HY000/1045): Access denied for user 'intern_portal'@'localhost' (using password: YES) in /home/ubuntu/workspace/Project_Search/Project_Search_DoubleTest.php on line 6
[14-Nov-2017 15:49:22 UTC] PHP Stack trace:
[14-Nov-2017 15:49:22 UTC] PHP   1. {main}() /home/ubuntu/workspace/Project_Search/Project_Search_DoubleTest.php:0
[14-Nov-2017 15:49:22 UTC] PHP   2. mysqli_connect() /home/ubuntu/workspace/Project_Search/Project_Search_DoubleTest.php:6
[14-Nov-2017 15:49:22 UTC] PHP Warning:  mysqli_query() expects parameter 1 to be mysqli, boolean given in /home/ubuntu/workspace/Project_Search/Project_Search_DoubleTest.php on line 8
[14-Nov-2017 15:49:22 UTC] PHP Stack trace:
[14-Nov-2017 15:49:22 UTC] PHP   1. {main}() /home/ubuntu/workspace/Project_Search/Project_Search_DoubleTest.php:0
[14-Nov-2017 15:49:22 UTC] PHP   2. mysqli_query() /home/ubuntu/workspace/Project_Search/Project_Search_DoubleTest.php:8
[14-Nov-2017 15:49:22 UTC] PHP Warning:  mysqli_fetch_array() expects parameter 1 to be mysqli_result, null given in /home/ubuntu/workspace/Project_Search/Project_Search_DoubleTest.php on line 36
[14-Nov-2017 15:49:22 UTC] PHP Stack trace:
[14-Nov-2017 15:49:22 UTC] PHP   1. {main}() /home/ubuntu/workspace/Project_Search/Project_Search_DoubleTest.php:0
[14-Nov-2017 15:49:22 UTC] PHP   2. mysqli_fetch_array() /home/ubuntu/workspace/Project_Search/Project_Search_DoubleTest.php:36
[14-Nov-2017 18:40:46 UTC] PHP Warning:  mysqli_connect(): (HY000/1045): Access denied for user 'intern_portal'@'localhost' (using password: YES) in /home/ubuntu/workspace/Project_Search/Project_Search_DoubleTest.php on line 6
[14-Nov-2017 18:40:46 UTC] PHP Stack trace:
[14-Nov-2017 18:40:46 UTC] PHP   1. {main}() /home/ubuntu/workspace/Project_Search/Project_Search_DoubleTest.php:0
[14-Nov-2017 18:40:46 UTC] PHP   2. mysqli_connect() /home/ubuntu/workspace/Project_Search/Project_Search_DoubleTest.php:6
[14-Nov-2017 18:40:46 UTC] PHP Warning:  mysqli_query() expects parameter 1 to be mysqli, boolean given in /home/ubuntu/workspace/Project_Search/Project_Search_DoubleTest.php on line 8
[14-Nov-2017 18:40:46 UTC] PHP Stack trace:
[14-Nov-2017 18:40:46 UTC] PHP   1. {main}() /home/ubuntu/workspace/Project_Search/Project_Search_DoubleTest.php:0
[14-Nov-2017 18:40:46 UTC] PHP   2. mysqli_query() /home/ubuntu/workspace/Project_Search/Project_Search_DoubleTest.php:8
[14-Nov-2017 18:40:46 UTC] PHP Warning:  mysqli_fetch_array() expects parameter 1 to be mysqli_result, null given in /home/ubuntu/workspace/Project_Search/Project_Search_DoubleTest.php on line 36
[14-Nov-2017 18:40:46 UTC] PHP Stack trace:
[14-Nov-2017 18:40:46 UTC] PHP   1. {main}() /home/ubuntu/workspace/Project_Search/Project_Search_DoubleTest.php:0
[14-Nov-2017 18:40:46 UTC] PHP   2. mysqli_fetch_array() /home/ubuntu/workspace/Project_Search/Project_Search_DoubleTest.php:36
[14-Nov-2017 18:43:52 UTC] PHP Warning:  mysqli_connect(): (HY000/1045): Access denied for user 'intern_portal'@'localhost' (using password: YES) in /home/ubuntu/workspace/Project_Search/Project_Search_DoubleTest.php on line 6
[14-Nov-2017 18:43:52 UTC] PHP Stack trace:
[14-Nov-2017 18:43:52 UTC] PHP   1. {main}() /home/ubuntu/workspace/Project_Search/Project_Search_DoubleTest.php:0
[14-Nov-2017 18:43:52 UTC] PHP   2. mysqli_connect() /home/ubuntu/workspace/Project_Search/Project_Search_DoubleTest.php:6
[14-Nov-2017 18:43:52 UTC] PHP Warning:  mysqli_query() expects parameter 1 to be mysqli, boolean given in /home/ubuntu/workspace/Project_Search/Project_Search_DoubleTest.php on line 8
[14-Nov-2017 18:43:52 UTC] PHP Stack trace:
[14-Nov-2017 18:43:52 UTC] PHP   1. {main}() /home/ubuntu/workspace/Project_Search/Project_Search_DoubleTest.php:0
[14-Nov-2017 18:43:52 UTC] PHP   2. mysqli_query() /home/ubuntu/workspace/Project_Search/Project_Search_DoubleTest.php:8
[14-Nov-2017 18:43:52 UTC] PHP Warning:  mysqli_fetch_array() expects parameter 1 to be mysqli_result, null given in /home/ubuntu/workspace/Project_Search/Project_Search_DoubleTest.php on line 36
[14-Nov-2017 18:43:52 UTC] PHP Stack trace:
[14-Nov-2017 18:43:52 UTC] PHP   1. {main}() /home/ubuntu/workspace/Project_Search/Project_Search_DoubleTest.php:0
[14-Nov-2017 18:43:52 UTC] PHP   2. mysqli_fetch_array() /home/ubuntu/workspace/Project_Search/Project_Search_DoubleTest.php:36
[14-Nov-2017 18:44:20 UTC] PHP Warning:  mysqli_connect(): (HY000/1045): Access denied for user 'intern_portal'@'localhost' (using password: YES) in /home/ubuntu/workspace/Project_Search/Project_Search_DoubleTest.php on line 6
[14-Nov-2017 18:44:20 UTC] PHP Stack trace:
[14-Nov-2017 18:44:20 UTC] PHP   1. {main}() /home/ubuntu/workspace/Project_Search/Project_Search_DoubleTest.php:0
[14-Nov-2017 18:44:20 UTC] PHP   2. mysqli_connect() /home/ubuntu/workspace/Project_Search/Project_Search_DoubleTest.php:6
[14-Nov-2017 18:44:20 UTC] PHP Warning:  mysqli_query() expects parameter 1 to be mysqli, boolean given in /home/ubuntu/workspace/Project_Search/Project_Search_DoubleTest.php on line 8
[14-Nov-2017 18:44:20 UTC] PHP Stack trace:
[14-Nov-2017 18:44:20 UTC] PHP   1. {main}() /home/ubuntu/workspace/Project_Search/Project_Search_DoubleTest.php:0
[14-Nov-2017 18:44:20 UTC] PHP   2. mysqli_query() /home/ubuntu/workspace/Project_Search/Project_Search_DoubleTest.php:8
[14-Nov-2017 18:44:20 UTC] PHP Warning:  mysqli_fetch_array() expects parameter 1 to be mysqli_result, null given in /home/ubuntu/workspace/Project_Search/Project_Search_DoubleTest.php on line 36
[14-Nov-2017 18:44:20 UTC] PHP Stack trace:
[14-Nov-2017 18:44:20 UTC] PHP   1. {main}() /home/ubuntu/workspace/Project_Search/Project_Search_DoubleTest.php:0
[14-Nov-2017 18:44:20 UTC] PHP   2. mysqli_fetch_array() /home/ubuntu/workspace/Project_Search/Project_Search_DoubleTest.php:36
[14-Nov-2017 18:44:27 UTC] PHP Warning:  mysqli_connect(): (HY000/1045): Access denied for user 'intern_portal'@'localhost' (using password: YES) in /home/ubuntu/workspace/Project_Search/Project_Search_DoubleTest.php on line 6
[14-Nov-2017 18:44:27 UTC] PHP Stack trace:
[14-Nov-2017 18:44:27 UTC] PHP   1. {main}() /home/ubuntu/workspace/Project_Search/Project_Search_DoubleTest.php:0
[14-Nov-2017 18:44:27 UTC] PHP   2. mysqli_connect() /home/ubuntu/workspace/Project_Search/Project_Search_DoubleTest.php:6
[14-Nov-2017 18:44:27 UTC] PHP Warning:  mysqli_query() expects parameter 1 to be mysqli, boolean given in /home/ubuntu/workspace/Project_Search/Project_Search_DoubleTest.php on line 8
[14-Nov-2017 18:44:27 UTC] PHP Stack trace:
[14-Nov-2017 18:44:27 UTC] PHP   1. {main}() /home/ubuntu/workspace/Project_Search/Project_Search_DoubleTest.php:0
[14-Nov-2017 18:44:27 UTC] PHP   2. mysqli_query() /home/ubuntu/workspace/Project_Search/Project_Search_DoubleTest.php:8
[14-Nov-2017 18:44:27 UTC] PHP Warning:  mysqli_fetch_array() expects parameter 1 to be mysqli_result, null given in /home/ubuntu/workspace/Project_Search/Project_Search_DoubleTest.php on line 36
[14-Nov-2017 18:44:27 UTC] PHP Stack trace:
[14-Nov-2017 18:44:27 UTC] PHP   1. {main}() /home/ubuntu/workspace/Project_Search/Project_Search_DoubleTest.php:0
[14-Nov-2017 18:44:27 UTC] PHP   2. mysqli_fetch_array() /home/ubuntu/workspace/Project_Search/Project_Search_DoubleTest.php:36
[14-Nov-2017 18:47:27 UTC] PHP Warning:  mysqli_connect(): (HY000/1045): Access denied for user 'intern_portal'@'localhost' (using password: YES) in /home/ubuntu/workspace/Project_Search/Project_Search_DoubleTest.php on line 6
[14-Nov-2017 18:47:27 UTC] PHP Stack trace:
[14-Nov-2017 18:47:27 UTC] PHP   1. {main}() /home/ubuntu/workspace/Project_Search/Project_Search_DoubleTest.php:0
[14-Nov-2017 18:47:27 UTC] PHP   2. mysqli_connect() /home/ubuntu/workspace/Project_Search/Project_Search_DoubleTest.php:6
[14-Nov-2017 18:47:27 UTC] PHP Warning:  mysqli_query() expects parameter 1 to be mysqli, boolean given in /home/ubuntu/workspace/Project_Search/Project_Search_DoubleTest.php on line 8
[14-Nov-2017 18:47:27 UTC] PHP Stack trace:
[14-Nov-2017 18:47:27 UTC] PHP   1. {main}() /home/ubuntu/workspace/Project_Search/Project_Search_DoubleTest.php:0
[14-Nov-2017 18:47:27 UTC] PHP   2. mysqli_query() /home/ubuntu/workspace/Project_Search/Project_Search_DoubleTest.php:8
[14-Nov-2017 18:47:27 UTC] PHP Warning:  mysqli_fetch_array() expects parameter 1 to be mysqli_result, null given in /home/ubuntu/workspace/Project_Search/Project_Search_DoubleTest.php on line 36
[14-Nov-2017 18:47:27 UTC] PHP Stack trace:
[14-Nov-2017 18:47:27 UTC] PHP   1. {main}() /home/ubuntu/workspace/Project_Search/Project_Search_DoubleTest.php:0
[14-Nov-2017 18:47:27 UTC] PHP   2. mysqli_fetch_array() /home/ubuntu/workspace/Project_Search/Project_Search_DoubleTest.php:36
[14-Nov-2017 18:48:12 UTC] PHP Warning:  mysqli_connect(): (HY000/1045): Access denied for user 'intern_portal'@'localhost' (using password: YES) in /home/ubuntu/workspace/Project_Search/Project_Search_DoubleTest.php on line 6
[14-Nov-2017 18:48:12 UTC] PHP Stack trace:
[14-Nov-2017 18:48:12 UTC] PHP   1. {main}() /home/ubuntu/workspace/Project_Search/Project_Search_DoubleTest.php:0
[14-Nov-2017 18:48:12 UTC] PHP   2. mysqli_connect() /home/ubuntu/workspace/Project_Search/Project_Search_DoubleTest.php:6
[14-Nov-2017 18:48:12 UTC] PHP Warning:  mysqli_query() expects parameter 1 to be mysqli, boolean given in /home/ubuntu/workspace/Project_Search/Project_Search_DoubleTest.php on line 8
[14-Nov-2017 18:48:12 UTC] PHP Stack trace:
[14-Nov-2017 18:48:12 UTC] PHP   1. {main}() /home/ubuntu/workspace/Project_Search/Project_Search_DoubleTest.php:0
[14-Nov-2017 18:48:12 UTC] PHP   2. mysqli_query() /home/ubuntu/workspace/Project_Search/Project_Search_DoubleTest.php:8
[14-Nov-2017 18:48:12 UTC] PHP Warning:  mysqli_fetch_array() expects parameter 1 to be mysqli_result, null given in /home/ubuntu/workspace/Project_Search/Project_Search_DoubleTest.php on line 36
[14-Nov-2017 18:48:12 UTC] PHP Stack trace:
[14-Nov-2017 18:48:12 UTC] PHP   1. {main}() /home/ubuntu/workspace/Project_Search/Project_Search_DoubleTest.php:0
[14-Nov-2017 18:48:12 UTC] PHP   2. mysqli_fetch_array() /home/ubuntu/workspace/Project_Search/Project_Search_DoubleTest.php:36
[14-Nov-2017 18:50:43 UTC] PHP Warning:  mysqli_connect(): (HY000/1045): Access denied for user 'intern_portal'@'localhost' (using password: YES) in /home/ubuntu/workspace/Project_Search/Project_Search_DoubleTest.php on line 6
[14-Nov-2017 18:50:43 UTC] PHP Stack trace:
[14-Nov-2017 18:50:43 UTC] PHP   1. {main}() /home/ubuntu/workspace/Project_Search/Project_Search_DoubleTest.php:0
[14-Nov-2017 18:50:43 UTC] PHP   2. mysqli_connect() /home/ubuntu/workspace/Project_Search/Project_Search_DoubleTest.php:6
[14-Nov-2017 18:50:43 UTC] PHP Warning:  mysqli_query() expects parameter 1 to be mysqli, boolean given in /home/ubuntu/workspace/Project_Search/Project_Search_DoubleTest.php on line 8
[14-Nov-2017 18:50:43 UTC] PHP Stack trace:
[14-Nov-2017 18:50:43 UTC] PHP   1. {main}() /home/ubuntu/workspace/Project_Search/Project_Search_DoubleTest.php:0
[14-Nov-2017 18:50:43 UTC] PHP   2. mysqli_query() /home/ubuntu/workspace/Project_Search/Project_Search_DoubleTest.php:8
[14-Nov-2017 18:50:43 UTC] PHP Warning:  mysqli_fetch_array() expects parameter 1 to be mysqli_result, null given in /home/ubuntu/workspace/Project_Search/Project_Search_DoubleTest.php on line 36
[14-Nov-2017 18:50:43 UTC] PHP Stack trace:
[14-Nov-2017 18:50:43 UTC] PHP   1. {main}() /home/ubuntu/workspace/Project_Search/Project_Search_DoubleTest.php:0
[14-Nov-2017 18:50:43 UTC] PHP   2. mysqli_fetch_array() /home/ubuntu/workspace/Project_Search/Project_Search_DoubleTest.php:36
[15-Nov-2017 12:28:31 UTC] PHP Warning:  mysqli_connect(): (HY000/1045): Access denied for user 'intern_portal'@'localhost' (using password: YES) in /home/ubuntu/workspace/Project_Search/Project_Search_DoubleTest.php on line 6
[15-Nov-2017 12:28:31 UTC] PHP Stack trace:
[15-Nov-2017 12:28:31 UTC] PHP   1. {main}() /home/ubuntu/workspace/Project_Search/Project_Search_DoubleTest.php:0
[15-Nov-2017 12:28:31 UTC] PHP   2. mysqli_connect() /home/ubuntu/workspace/Project_Search/Project_Search_DoubleTest.php:6
[15-Nov-2017 12:28:31 UTC] PHP Warning:  mysqli_query() expects parameter 1 to be mysqli, boolean given in /home/ubuntu/workspace/Project_Search/Project_Search_DoubleTest.php on line 8
[15-Nov-2017 12:28:31 UTC] PHP Stack trace:
[15-Nov-2017 12:28:31 UTC] PHP   1. {main}() /home/ubuntu/workspace/Project_Search/Project_Search_DoubleTest.php:0
[15-Nov-2017 12:28:31 UTC] PHP   2. mysqli_query() /home/ubuntu/workspace/Project_Search/Project_Search_DoubleTest.php:8
[15-Nov-2017 12:28:31 UTC] PHP Warning:  mysqli_fetch_array() expects parameter 1 to be mysqli_result, null given in /home/ubuntu/workspace/Project_Search/Project_Search_DoubleTest.php on line 36
[15-Nov-2017 12:28:31 UTC] PHP Stack trace:
[15-Nov-2017 12:28:31 UTC] PHP   1. {main}() /home/ubuntu/workspace/Project_Search/Project_Search_DoubleTest.php:0
[15-Nov-2017 12:28:31 UTC] PHP   2. mysqli_fetch_array() /home/ubuntu/workspace/Project_Search/Project_Search_DoubleTest.php:36
[15-Nov-2017 18:18:41 UTC] PHP Parse error:  syntax error, unexpected ''.$location.'' (T_CONSTANT_ENCAPSED_STRING) in /home/ubuntu/workspace/Project_Search/Project_Search_Test.php on line 113
[15-Nov-2017 18:18:44 UTC] PHP Parse error:  syntax error, unexpected ''.$location.'' (T_CONSTANT_ENCAPSED_STRING) in /home/ubuntu/workspace/Project_Search/Project_Search_Test.php on line 113
[16-Nov-2017 10:28:48 UTC] PHP Parse error:  syntax error, unexpected '(', expecting variable (T_VARIABLE) or '$' in /home/ubuntu/workspace/Project_Search/Project_Search_Test.php on line 81
[16-Nov-2017 11:27:01 UTC] PHP Warning:  mysqli_connect(): (HY000/1045): Access denied for user 'intern_portal'@'localhost' (using password: YES) in /home/ubuntu/workspace/search/search_submit.php on line 22
[16-Nov-2017 11:27:01 UTC] PHP Stack trace:
[16-Nov-2017 11:27:01 UTC] PHP   1. {main}() /home/ubuntu/workspace/search/search_submit.php:0
[16-Nov-2017 11:27:01 UTC] PHP   2. filterTable() /home/ubuntu/workspace/search/search_submit.php:15
[16-Nov-2017 11:27:01 UTC] PHP   3. mysqli_connect() /home/ubuntu/workspace/search/search_submit.php:22
[16-Nov-2017 11:27:01 UTC] PHP Warning:  mysqli_query() expects parameter 1 to be mysqli, boolean given in /home/ubuntu/workspace/search/search_submit.php on line 23
[16-Nov-2017 11:27:01 UTC] PHP Stack trace:
[16-Nov-2017 11:27:01 UTC] PHP   1. {main}() /home/ubuntu/workspace/search/search_submit.php:0
[16-Nov-2017 11:27:01 UTC] PHP   2. filterTable() /home/ubuntu/workspace/search/search_submit.php:15
[16-Nov-2017 11:27:01 UTC] PHP   3. mysqli_query() /home/ubuntu/workspace/search/search_submit.php:23
[16-Nov-2017 11:27:01 UTC] PHP Warning:  mysqli_fetch_array() expects parameter 1 to be mysqli_result, null given in /home/ubuntu/workspace/search/search_submit.php on line 55
[16-Nov-2017 11:27:01 UTC] PHP Stack trace:
[16-Nov-2017 11:27:01 UTC] PHP   1. {main}() /home/ubuntu/workspace/search/search_submit.php:0
[16-Nov-2017 11:27:01 UTC] PHP   2. mysqli_fetch_array() /home/ubuntu/workspace/search/search_submit.php:55
[16-Nov-2017 11:30:03 UTC] PHP Warning:  mysqli_connect(): (HY000/1045): Access denied for user 'intern_portal'@'localhost' (using password: NO) in /home/ubuntu/workspace/search/search_submit.php on line 22
[16-Nov-2017 11:30:03 UTC] PHP Stack trace:
[16-Nov-2017 11:30:03 UTC] PHP   1. {main}() /home/ubuntu/workspace/search/search_submit.php:0
[16-Nov-2017 11:30:03 UTC] PHP   2. filterTable() /home/ubuntu/workspace/search/search_submit.php:15
[16-Nov-2017 11:30:03 UTC] PHP   3. mysqli_connect() /home/ubuntu/workspace/search/search_submit.php:22
[16-Nov-2017 11:30:03 UTC] PHP Warning:  mysqli_query() expects parameter 1 to be mysqli, boolean given in /home/ubuntu/workspace/search/search_submit.php on line 23
[16-Nov-2017 11:30:03 UTC] PHP Stack trace:
[16-Nov-2017 11:30:03 UTC] PHP   1. {main}() /home/ubuntu/workspace/search/search_submit.php:0
[16-Nov-2017 11:30:03 UTC] PHP   2. filterTable() /home/ubuntu/workspace/search/search_submit.php:15
[16-Nov-2017 11:30:03 UTC] PHP   3. mysqli_query() /home/ubuntu/workspace/search/search_submit.php:23
[16-Nov-2017 11:30:03 UTC] PHP Warning:  mysqli_fetch_array() expects parameter 1 to be mysqli_result, null given in /home/ubuntu/workspace/search/search_submit.php on line 55
[16-Nov-2017 11:30:03 UTC] PHP Stack trace:
[16-Nov-2017 11:30:03 UTC] PHP   1. {main}() /home/ubuntu/workspace/search/search_submit.php:0
[16-Nov-2017 11:30:03 UTC] PHP   2. mysqli_fetch_array() /home/ubuntu/workspace/search/search_submit.php:55
[16-Nov-2017 11:34:04 UTC] PHP Parse error:  syntax error, unexpected ')', expecting variable (T_VARIABLE) or '$' in /home/ubuntu/workspace/Project_Search/Search_Project.php on line 5
[16-Nov-2017 12:29:14 UTC] PHP Warning:  mysqli_fetch_array() expects parameter 1 to be mysqli_result, boolean given in /home/ubuntu/workspace/search/search_submit.php on line 62
[16-Nov-2017 12:29:14 UTC] PHP Stack trace:
[16-Nov-2017 12:29:14 UTC] PHP   1. {main}() /home/ubuntu/workspace/search/search_submit.php:0
[16-Nov-2017 12:29:14 UTC] PHP   2. mysqli_fetch_array() /home/ubuntu/workspace/search/search_submit.php:62
[16-Nov-2017 12:29:14 UTC] PHP Warning:  mysqli_fetch_array() expects parameter 1 to be mysqli_result, boolean given in /home/ubuntu/workspace/search/search_submit.php on line 89
[16-Nov-2017 12:29:14 UTC] PHP Stack trace:
[16-Nov-2017 12:29:14 UTC] PHP   1. {main}() /home/ubuntu/workspace/search/search_submit.php:0
[16-Nov-2017 12:29:14 UTC] PHP   2. mysqli_fetch_array() /home/ubuntu/workspace/search/search_submit.php:89
[16-Nov-2017 12:29:19 UTC] PHP Warning:  mysqli_fetch_array() expects parameter 1 to be mysqli_result, boolean given in /home/ubuntu/workspace/search/search_submit.php on line 62
[16-Nov-2017 12:29:19 UTC] PHP Stack trace:
[16-Nov-2017 12:29:19 UTC] PHP   1. {main}() /home/ubuntu/workspace/search/search_submit.php:0
[16-Nov-2017 12:29:19 UTC] PHP   2. mysqli_fetch_array() /home/ubuntu/workspace/search/search_submit.php:62
[16-Nov-2017 12:29:19 UTC] PHP Warning:  mysqli_fetch_array() expects parameter 1 to be mysqli_result, boolean given in /home/ubuntu/workspace/search/search_submit.php on line 89
[16-Nov-2017 12:29:19 UTC] PHP Stack trace:
[16-Nov-2017 12:29:19 UTC] PHP   1. {main}() /home/ubuntu/workspace/search/search_submit.php:0
[16-Nov-2017 12:29:19 UTC] PHP   2. mysqli_fetch_array() /home/ubuntu/workspace/search/search_submit.php:89
[16-Nov-2017 16:31:41 UTC] PHP Warning:  mysqli_connect(): (HY000/1045): Access denied for user 'intern_portal'@'localhost' (using password: YES) in /home/ubuntu/workspace/search/select.php on line 5
[16-Nov-2017 16:31:41 UTC] PHP Stack trace:
[16-Nov-2017 16:31:41 UTC] PHP   1. {main}() /home/ubuntu/workspace/search/select.php:0
[16-Nov-2017 16:31:41 UTC] PHP   2. mysqli_connect() /home/ubuntu/workspace/search/select.php:5
[16-Nov-2017 16:31:41 UTC] PHP Warning:  mysqli_query() expects parameter 1 to be mysqli, boolean given in /home/ubuntu/workspace/search/select.php on line 7
[16-Nov-2017 16:31:41 UTC] PHP Stack trace:
[16-Nov-2017 16:31:41 UTC] PHP   1. {main}() /home/ubuntu/workspace/search/select.php:0
[16-Nov-2017 16:31:41 UTC] PHP   2. mysqli_query() /home/ubuntu/workspace/search/select.php:7
[16-Nov-2017 16:31:41 UTC] PHP Warning:  mysqli_fetch_array() expects parameter 1 to be mysqli_result, null given in /home/ubuntu/workspace/search/select.php on line 11
[16-Nov-2017 16:31:41 UTC] PHP Stack trace:
[16-Nov-2017 16:31:41 UTC] PHP   1. {main}() /home/ubuntu/workspace/search/select.php:0
[16-Nov-2017 16:31:41 UTC] PHP   2. mysqli_fetch_array() /home/ubuntu/workspace/search/select.php:11
[16-Nov-2017 16:32:29 UTC] PHP Warning:  mysqli_connect(): (HY000/1045): Access denied for user 'conorhorgan95'@'localhost' (using password: YES) in /home/ubuntu/workspace/search/select.php on line 5
[16-Nov-2017 16:32:29 UTC] PHP Stack trace:
[16-Nov-2017 16:32:29 UTC] PHP   1. {main}() /home/ubuntu/workspace/search/select.php:0
[16-Nov-2017 16:32:29 UTC] PHP   2. mysqli_connect() /home/ubuntu/workspace/search/select.php:5
[16-Nov-2017 16:32:29 UTC] PHP Warning:  mysqli_query() expects parameter 1 to be mysqli, boolean given in /home/ubuntu/workspace/search/select.php on line 7
[16-Nov-2017 16:32:29 UTC] PHP Stack trace:
[16-Nov-2017 16:32:29 UTC] PHP   1. {main}() /home/ubuntu/workspace/search/select.php:0
[16-Nov-2017 16:32:29 UTC] PHP   2. mysqli_query() /home/ubuntu/workspace/search/select.php:7
[16-Nov-2017 16:32:29 UTC] PHP Warning:  mysqli_fetch_array() expects parameter 1 to be mysqli_result, null given in /home/ubuntu/workspace/search/select.php on line 11
[16-Nov-2017 16:32:29 UTC] PHP Stack trace:
[16-Nov-2017 16:32:29 UTC] PHP   1. {main}() /home/ubuntu/workspace/search/select.php:0
[16-Nov-2017 16:32:29 UTC] PHP   2. mysqli_fetch_array() /home/ubuntu/workspace/search/select.php:11
[16-Nov-2017 16:41:29 UTC] PHP Parse error:  syntax error, unexpected '<' in /home/ubuntu/workspace/search/select.php on line 60
