[26-Jan-2018 13:38:51 UTC] PHP Warning:  require_once(/home/ubuntu/workspace/login-system/php-login-form-captcha-example/../../lib/botdetect/CaptchaIncludes.php): failed to open stream: No such file or directory in /home/ubuntu/workspace/login-system/php-login-form-captcha-example/botdetect.php on line 46
[26-Jan-2018 13:38:51 UTC] PHP Stack trace:
[26-Jan-2018 13:38:51 UTC] PHP   1. {main}() /home/ubuntu/workspace/login-system/php-login-form-captcha-example/index.php:0
[26-Jan-2018 13:38:51 UTC] PHP   2. require() /home/ubuntu/workspace/login-system/php-login-form-captcha-example/index.php:2
[26-Jan-2018 13:38:51 UTC] PHP Fatal error:  require_once(): Failed opening required '/home/ubuntu/workspace/login-system/php-login-form-captcha-example/../../lib/botdetect/CaptchaIncludes.php' (include_path='.:/usr/share/php:/usr/share/pear') in /home/ubuntu/workspace/login-system/php-login-form-captcha-example/botdetect.php on line 46
[26-Jan-2018 13:38:51 UTC] PHP Stack trace:
[26-Jan-2018 13:38:51 UTC] PHP   1. {main}() /home/ubuntu/workspace/login-system/php-login-form-captcha-example/index.php:0
[26-Jan-2018 13:38:51 UTC] PHP   2. require() /home/ubuntu/workspace/login-system/php-login-form-captcha-example/index.php:2
[26-Jan-2018 13:48:29 UTC] PHP Warning:  require_once(/home/ubuntu/workspace/login-system/php-login-form-captcha-example/login-system/php-login-form-captcha-example/CaptchaIncludes.php): failed to open stream: No such file or directory in /home/ubuntu/workspace/login-system/php-login-form-captcha-example/botdetect.php on line 46
[26-Jan-2018 13:48:29 UTC] PHP Stack trace:
[26-Jan-2018 13:48:29 UTC] PHP   1. {main}() /home/ubuntu/workspace/login-system/php-login-form-captcha-example/index.php:0
[26-Jan-2018 13:48:29 UTC] PHP   2. require() /home/ubuntu/workspace/login-system/php-login-form-captcha-example/index.php:2
[26-Jan-2018 13:48:29 UTC] PHP Fatal error:  require_once(): Failed opening required '/home/ubuntu/workspace/login-system/php-login-form-captcha-example/login-system/php-login-form-captcha-example/CaptchaIncludes.php' (include_path='.:/usr/share/php:/usr/share/pear') in /home/ubuntu/workspace/login-system/php-login-form-captcha-example/botdetect.php on line 46
[26-Jan-2018 13:48:29 UTC] PHP Stack trace:
[26-Jan-2018 13:48:29 UTC] PHP   1. {main}() /home/ubuntu/workspace/login-system/php-login-form-captcha-example/index.php:0
[26-Jan-2018 13:48:29 UTC] PHP   2. require() /home/ubuntu/workspace/login-system/php-login-form-captcha-example/index.php:2
[26-Jan-2018 13:48:37 UTC] PHP Warning:  require_once(/home/ubuntu/workspace/login-system/php-login-form-captcha-example/login-system/php-login-form-captcha-example/CaptchaIncludes.php): failed to open stream: No such file or directory in /home/ubuntu/workspace/login-system/php-login-form-captcha-example/botdetect.php on line 46
[26-Jan-2018 13:48:37 UTC] PHP Stack trace:
[26-Jan-2018 13:48:37 UTC] PHP   1. {main}() /home/ubuntu/workspace/login-system/php-login-form-captcha-example/index.php:0
[26-Jan-2018 13:48:37 UTC] PHP   2. require() /home/ubuntu/workspace/login-system/php-login-form-captcha-example/index.php:2
[26-Jan-2018 13:48:37 UTC] PHP Fatal error:  require_once(): Failed opening required '/home/ubuntu/workspace/login-system/php-login-form-captcha-example/login-system/php-login-form-captcha-example/CaptchaIncludes.php' (include_path='.:/usr/share/php:/usr/share/pear') in /home/ubuntu/workspace/login-system/php-login-form-captcha-example/botdetect.php on line 46
[26-Jan-2018 13:48:37 UTC] PHP Stack trace:
[26-Jan-2018 13:48:37 UTC] PHP   1. {main}() /home/ubuntu/workspace/login-system/php-login-form-captcha-example/index.php:0
[26-Jan-2018 13:48:37 UTC] PHP   2. require() /home/ubuntu/workspace/login-system/php-login-form-captcha-example/index.php:2
[26-Jan-2018 13:50:46 UTC] PHP Warning:  require_once(/home/ubuntu/workspace/login-system/php-login-form-captcha-example/../../lib/botdetect/CaptchaIncludes.php): failed to open stream: No such file or directory in /home/ubuntu/workspace/login-system/php-login-form-captcha-example/botdetect.php on line 46
[26-Jan-2018 13:50:46 UTC] PHP Stack trace:
[26-Jan-2018 13:50:46 UTC] PHP   1. {main}() /home/ubuntu/workspace/login-system/php-login-form-captcha-example/index.php:0
[26-Jan-2018 13:50:46 UTC] PHP   2. require() /home/ubuntu/workspace/login-system/php-login-form-captcha-example/index.php:2
[26-Jan-2018 13:50:46 UTC] PHP Fatal error:  require_once(): Failed opening required '/home/ubuntu/workspace/login-system/php-login-form-captcha-example/../../lib/botdetect/CaptchaIncludes.php' (include_path='.:/usr/share/php:/usr/share/pear') in /home/ubuntu/workspace/login-system/php-login-form-captcha-example/botdetect.php on line 46
[26-Jan-2018 13:50:46 UTC] PHP Stack trace:
[26-Jan-2018 13:50:46 UTC] PHP   1. {main}() /home/ubuntu/workspace/login-system/php-login-form-captcha-example/index.php:0
[26-Jan-2018 13:50:46 UTC] PHP   2. require() /home/ubuntu/workspace/login-system/php-login-form-captcha-example/index.php:2
[26-Jan-2018 13:51:11 UTC] PHP Warning:  require_once(/home/ubuntu/workspace/login-system/php-login-form-captcha-example/CaptchaIncludes.php): failed to open stream: No such file or directory in /home/ubuntu/workspace/login-system/php-login-form-captcha-example/botdetect.php on line 46
[26-Jan-2018 13:51:11 UTC] PHP Stack trace:
[26-Jan-2018 13:51:11 UTC] PHP   1. {main}() /home/ubuntu/workspace/login-system/php-login-form-captcha-example/index.php:0
[26-Jan-2018 13:51:11 UTC] PHP   2. require() /home/ubuntu/workspace/login-system/php-login-form-captcha-example/index.php:2
[26-Jan-2018 13:51:11 UTC] PHP Fatal error:  require_once(): Failed opening required '/home/ubuntu/workspace/login-system/php-login-form-captcha-example/CaptchaIncludes.php' (include_path='.:/usr/share/php:/usr/share/pear') in /home/ubuntu/workspace/login-system/php-login-form-captcha-example/botdetect.php on line 46
[26-Jan-2018 13:51:11 UTC] PHP Stack trace:
[26-Jan-2018 13:51:11 UTC] PHP   1. {main}() /home/ubuntu/workspace/login-system/php-login-form-captcha-example/index.php:0
[26-Jan-2018 13:51:11 UTC] PHP   2. require() /home/ubuntu/workspace/login-system/php-login-form-captcha-example/index.php:2
[26-Jan-2018 13:51:57 UTC] PHP Warning:  require_once(/login-system/php-login-form-captcha-example/CaptchaIncludes.php): failed to open stream: No such file or directory in /home/ubuntu/workspace/login-system/php-login-form-captcha-example/botdetect.php on line 46
[26-Jan-2018 13:51:57 UTC] PHP Stack trace:
[26-Jan-2018 13:51:57 UTC] PHP   1. {main}() /home/ubuntu/workspace/login-system/php-login-form-captcha-example/index.php:0
[26-Jan-2018 13:51:57 UTC] PHP   2. require() /home/ubuntu/workspace/login-system/php-login-form-captcha-example/index.php:2
[26-Jan-2018 13:51:57 UTC] PHP Fatal error:  require_once(): Failed opening required '/login-system/php-login-form-captcha-example/CaptchaIncludes.php' (include_path='.:/usr/share/php:/usr/share/pear') in /home/ubuntu/workspace/login-system/php-login-form-captcha-example/botdetect.php on line 46
[26-Jan-2018 13:51:57 UTC] PHP Stack trace:
[26-Jan-2018 13:51:57 UTC] PHP   1. {main}() /home/ubuntu/workspace/login-system/php-login-form-captcha-example/index.php:0
[26-Jan-2018 13:51:57 UTC] PHP   2. require() /home/ubuntu/workspace/login-system/php-login-form-captcha-example/index.php:2
[26-Jan-2018 13:53:27 UTC] PHP Warning:  require_once(/login-system/php-login-form-captcha-example/CaptchaIncludes.php): failed to open stream: No such file or directory in /home/ubuntu/workspace/login-system/php-login-form-captcha-example/botdetect.php on line 46
[26-Jan-2018 13:53:27 UTC] PHP Stack trace:
[26-Jan-2018 13:53:27 UTC] PHP   1. {main}() /home/ubuntu/workspace/login-system/php-login-form-captcha-example/index.php:0
[26-Jan-2018 13:53:27 UTC] PHP   2. require() /home/ubuntu/workspace/login-system/php-login-form-captcha-example/index.php:2
[26-Jan-2018 13:53:27 UTC] PHP Fatal error:  require_once(): Failed opening required '/login-system/php-login-form-captcha-example/CaptchaIncludes.php' (include_path='.:/usr/share/php:/usr/share/pear') in /home/ubuntu/workspace/login-system/php-login-form-captcha-example/botdetect.php on line 46
[26-Jan-2018 13:53:27 UTC] PHP Stack trace:
[26-Jan-2018 13:53:27 UTC] PHP   1. {main}() /home/ubuntu/workspace/login-system/php-login-form-captcha-example/index.php:0
[26-Jan-2018 13:53:27 UTC] PHP   2. require() /home/ubuntu/workspace/login-system/php-login-form-captcha-example/index.php:2
