[05-Feb-2018 17:05:34 UTC] PHP Warning:  mysql_query(): Access denied for user ''@'localhost' (using password: NO) in /home/ubuntu/workspace/Admin Portal/paper-dashboard-free-v1.1.2/paper-dashboard-free-v1.1.2/dashboard.php on line 9
[05-Feb-2018 17:05:34 UTC] PHP Stack trace:
[05-Feb-2018 17:05:34 UTC] PHP   1. {main}() /home/ubuntu/workspace/Admin Portal/paper-dashboard-free-v1.1.2/paper-dashboard-free-v1.1.2/dashboard.php:0
[05-Feb-2018 17:05:34 UTC] PHP   2. mysql_query() /home/ubuntu/workspace/Admin Portal/paper-dashboard-free-v1.1.2/paper-dashboard-free-v1.1.2/dashboard.php:9
[05-Feb-2018 17:05:34 UTC] PHP Warning:  mysql_query(): A link to the server could not be established in /home/ubuntu/workspace/Admin Portal/paper-dashboard-free-v1.1.2/paper-dashboard-free-v1.1.2/dashboard.php on line 9
[05-Feb-2018 17:05:34 UTC] PHP Stack trace:
[05-Feb-2018 17:05:34 UTC] PHP   1. {main}() /home/ubuntu/workspace/Admin Portal/paper-dashboard-free-v1.1.2/paper-dashboard-free-v1.1.2/dashboard.php:0
[05-Feb-2018 17:05:34 UTC] PHP   2. mysql_query() /home/ubuntu/workspace/Admin Portal/paper-dashboard-free-v1.1.2/paper-dashboard-free-v1.1.2/dashboard.php:9
[05-Feb-2018 17:05:34 UTC] PHP Warning:  mysql_fetch_assoc() expects parameter 1 to be resource, boolean given in /home/ubuntu/workspace/Admin Portal/paper-dashboard-free-v1.1.2/paper-dashboard-free-v1.1.2/dashboard.php on line 10
[05-Feb-2018 17:05:34 UTC] PHP Stack trace:
[05-Feb-2018 17:05:34 UTC] PHP   1. {main}() /home/ubuntu/workspace/Admin Portal/paper-dashboard-free-v1.1.2/paper-dashboard-free-v1.1.2/dashboard.php:0
[05-Feb-2018 17:05:34 UTC] PHP   2. mysql_fetch_assoc() /home/ubuntu/workspace/Admin Portal/paper-dashboard-free-v1.1.2/paper-dashboard-free-v1.1.2/dashboard.php:10
[05-Feb-2018 17:06:56 UTC] PHP Warning:  mysql_connect(): Access denied for user 'mysql_user'@'localhost' (using password: YES) in /home/ubuntu/workspace/Admin Portal/paper-dashboard-free-v1.1.2/paper-dashboard-free-v1.1.2/dashboard.php on line 4
[05-Feb-2018 17:06:56 UTC] PHP Stack trace:
[05-Feb-2018 17:06:56 UTC] PHP   1. {main}() /home/ubuntu/workspace/Admin Portal/paper-dashboard-free-v1.1.2/paper-dashboard-free-v1.1.2/dashboard.php:0
[05-Feb-2018 17:06:56 UTC] PHP   2. mysql_connect() /home/ubuntu/workspace/Admin Portal/paper-dashboard-free-v1.1.2/paper-dashboard-free-v1.1.2/dashboard.php:4
[05-Feb-2018 17:06:56 UTC] PHP Warning:  mysql_select_db() expects parameter 2 to be resource, boolean given in /home/ubuntu/workspace/Admin Portal/paper-dashboard-free-v1.1.2/paper-dashboard-free-v1.1.2/dashboard.php on line 5
[05-Feb-2018 17:06:56 UTC] PHP Stack trace:
[05-Feb-2018 17:06:56 UTC] PHP   1. {main}() /home/ubuntu/workspace/Admin Portal/paper-dashboard-free-v1.1.2/paper-dashboard-free-v1.1.2/dashboard.php:0
[05-Feb-2018 17:06:56 UTC] PHP   2. mysql_select_db() /home/ubuntu/workspace/Admin Portal/paper-dashboard-free-v1.1.2/paper-dashboard-free-v1.1.2/dashboard.php:5
[05-Feb-2018 17:06:56 UTC] PHP Warning:  mysql_query() expects parameter 2 to be resource, boolean given in /home/ubuntu/workspace/Admin Portal/paper-dashboard-free-v1.1.2/paper-dashboard-free-v1.1.2/dashboard.php on line 7
[05-Feb-2018 17:06:56 UTC] PHP Stack trace:
[05-Feb-2018 17:06:56 UTC] PHP   1. {main}() /home/ubuntu/workspace/Admin Portal/paper-dashboard-free-v1.1.2/paper-dashboard-free-v1.1.2/dashboard.php:0
[05-Feb-2018 17:06:56 UTC] PHP   2. mysql_query() /home/ubuntu/workspace/Admin Portal/paper-dashboard-free-v1.1.2/paper-dashboard-free-v1.1.2/dashboard.php:7
[05-Feb-2018 17:06:56 UTC] PHP Warning:  mysql_num_rows() expects parameter 1 to be resource, null given in /home/ubuntu/workspace/Admin Portal/paper-dashboard-free-v1.1.2/paper-dashboard-free-v1.1.2/dashboard.php on line 8
[05-Feb-2018 17:06:56 UTC] PHP Stack trace:
[05-Feb-2018 17:06:56 UTC] PHP   1. {main}() /home/ubuntu/workspace/Admin Portal/paper-dashboard-free-v1.1.2/paper-dashboard-free-v1.1.2/dashboard.php:0
[05-Feb-2018 17:06:56 UTC] PHP   2. mysql_num_rows() /home/ubuntu/workspace/Admin Portal/paper-dashboard-free-v1.1.2/paper-dashboard-free-v1.1.2/dashboard.php:8
[05-Feb-2018 17:24:02 UTC] PHP Warning:  mysql_num_rows() expects parameter 1 to be resource, boolean given in /home/ubuntu/workspace/Admin Portal/paper-dashboard-free-v1.1.2/paper-dashboard-free-v1.1.2/dashboard.php on line 17
[05-Feb-2018 17:24:02 UTC] PHP Stack trace:
[05-Feb-2018 17:24:02 UTC] PHP   1. {main}() /home/ubuntu/workspace/Admin Portal/paper-dashboard-free-v1.1.2/paper-dashboard-free-v1.1.2/dashboard.php:0
[05-Feb-2018 17:24:02 UTC] PHP   2. mysql_num_rows() /home/ubuntu/workspace/Admin Portal/paper-dashboard-free-v1.1.2/paper-dashboard-free-v1.1.2/dashboard.php:17
[05-Feb-2018 17:26:17 UTC] PHP Warning:  mysql_num_rows() expects parameter 1 to be resource, boolean given in /home/ubuntu/workspace/Admin Portal/paper-dashboard-free-v1.1.2/paper-dashboard-free-v1.1.2/dashboard.php on line 17
[05-Feb-2018 17:26:17 UTC] PHP Stack trace:
[05-Feb-2018 17:26:17 UTC] PHP   1. {main}() /home/ubuntu/workspace/Admin Portal/paper-dashboard-free-v1.1.2/paper-dashboard-free-v1.1.2/dashboard.php:0
[05-Feb-2018 17:26:17 UTC] PHP   2. mysql_num_rows() /home/ubuntu/workspace/Admin Portal/paper-dashboard-free-v1.1.2/paper-dashboard-free-v1.1.2/dashboard.php:17
[05-Feb-2018 17:27:04 UTC] PHP Warning:  mysql_num_rows() expects parameter 1 to be resource, boolean given in /home/ubuntu/workspace/Admin Portal/paper-dashboard-free-v1.1.2/paper-dashboard-free-v1.1.2/dashboard.php on line 17
[05-Feb-2018 17:27:04 UTC] PHP Stack trace:
[05-Feb-2018 17:27:04 UTC] PHP   1. {main}() /home/ubuntu/workspace/Admin Portal/paper-dashboard-free-v1.1.2/paper-dashboard-free-v1.1.2/dashboard.php:0
[05-Feb-2018 17:27:04 UTC] PHP   2. mysql_num_rows() /home/ubuntu/workspace/Admin Portal/paper-dashboard-free-v1.1.2/paper-dashboard-free-v1.1.2/dashboard.php:17
[05-Feb-2018 17:27:57 UTC] PHP Warning:  mysql_num_rows() expects parameter 1 to be resource, boolean given in /home/ubuntu/workspace/Admin Portal/paper-dashboard-free-v1.1.2/paper-dashboard-free-v1.1.2/dashboard.php on line 17
[05-Feb-2018 17:27:57 UTC] PHP Stack trace:
[05-Feb-2018 17:27:57 UTC] PHP   1. {main}() /home/ubuntu/workspace/Admin Portal/paper-dashboard-free-v1.1.2/paper-dashboard-free-v1.1.2/dashboard.php:0
[05-Feb-2018 17:27:57 UTC] PHP   2. mysql_num_rows() /home/ubuntu/workspace/Admin Portal/paper-dashboard-free-v1.1.2/paper-dashboard-free-v1.1.2/dashboard.php:17
[05-Feb-2018 17:28:38 UTC] PHP Warning:  mysql_num_rows() expects parameter 1 to be resource, boolean given in /home/ubuntu/workspace/Admin Portal/paper-dashboard-free-v1.1.2/paper-dashboard-free-v1.1.2/dashboard.php on line 17
[05-Feb-2018 17:28:38 UTC] PHP Stack trace:
[05-Feb-2018 17:28:38 UTC] PHP   1. {main}() /home/ubuntu/workspace/Admin Portal/paper-dashboard-free-v1.1.2/paper-dashboard-free-v1.1.2/dashboard.php:0
[05-Feb-2018 17:28:38 UTC] PHP   2. mysql_num_rows() /home/ubuntu/workspace/Admin Portal/paper-dashboard-free-v1.1.2/paper-dashboard-free-v1.1.2/dashboard.php:17
[08-Feb-2018 21:58:26 UTC] PHP Parse error:  syntax error, unexpected '.' in /home/ubuntu/workspace/Admin Portal/paper-dashboard-free-v1.1.2/paper-dashboard-free-v1.1.2/dashboard.php on line 188
[08-Feb-2018 22:17:35 UTC] PHP Warning:  mysqli_num_rows() expects parameter 1 to be mysqli_result, boolean given in /home/ubuntu/workspace/Admin Portal/paper-dashboard-free-v1.1.2/paper-dashboard-free-v1.1.2/dashboard.php on line 396
[08-Feb-2018 22:17:35 UTC] PHP Stack trace:
[08-Feb-2018 22:17:35 UTC] PHP   1. {main}() /home/ubuntu/workspace/Admin Portal/paper-dashboard-free-v1.1.2/paper-dashboard-free-v1.1.2/dashboard.php:0
[08-Feb-2018 22:17:35 UTC] PHP   2. mysqli_num_rows() /home/ubuntu/workspace/Admin Portal/paper-dashboard-free-v1.1.2/paper-dashboard-free-v1.1.2/dashboard.php:396
[08-Feb-2018 22:20:06 UTC] PHP Warning:  mysqli_num_rows() expects parameter 1 to be mysqli_result, boolean given in /home/ubuntu/workspace/Admin Portal/paper-dashboard-free-v1.1.2/paper-dashboard-free-v1.1.2/dashboard.php on line 397
[08-Feb-2018 22:20:06 UTC] PHP Stack trace:
[08-Feb-2018 22:20:06 UTC] PHP   1. {main}() /home/ubuntu/workspace/Admin Portal/paper-dashboard-free-v1.1.2/paper-dashboard-free-v1.1.2/dashboard.php:0
[08-Feb-2018 22:20:06 UTC] PHP   2. mysqli_num_rows() /home/ubuntu/workspace/Admin Portal/paper-dashboard-free-v1.1.2/paper-dashboard-free-v1.1.2/dashboard.php:397
[09-Feb-2018 02:42:07 UTC] PHP Warning:  mysql_query() expects parameter 2 to be resource, null given in /home/ubuntu/workspace/Admin Portal/paper-dashboard-free-v1.1.2/paper-dashboard-free-v1.1.2/dashboard.php on line 46
[09-Feb-2018 02:42:07 UTC] PHP Stack trace:
[09-Feb-2018 02:42:07 UTC] PHP   1. {main}() /home/ubuntu/workspace/Admin Portal/paper-dashboard-free-v1.1.2/paper-dashboard-free-v1.1.2/dashboard.php:0
[09-Feb-2018 02:42:07 UTC] PHP   2. mysql_query() /home/ubuntu/workspace/Admin Portal/paper-dashboard-free-v1.1.2/paper-dashboard-free-v1.1.2/dashboard.php:46
[09-Feb-2018 02:42:07 UTC] PHP Warning:  mysql_num_rows() expects parameter 1 to be resource, null given in /home/ubuntu/workspace/Admin Portal/paper-dashboard-free-v1.1.2/paper-dashboard-free-v1.1.2/dashboard.php on line 47
[09-Feb-2018 02:42:07 UTC] PHP Stack trace:
[09-Feb-2018 02:42:07 UTC] PHP   1. {main}() /home/ubuntu/workspace/Admin Portal/paper-dashboard-free-v1.1.2/paper-dashboard-free-v1.1.2/dashboard.php:0
[09-Feb-2018 02:42:07 UTC] PHP   2. mysql_num_rows() /home/ubuntu/workspace/Admin Portal/paper-dashboard-free-v1.1.2/paper-dashboard-free-v1.1.2/dashboard.php:47
[09-Feb-2018 02:53:43 UTC] PHP Fatal error:  Cannot redeclare filterTable() (previously declared in /home/ubuntu/workspace/Admin Portal/paper-dashboard-free-v1.1.2/paper-dashboard-free-v1.1.2/dashboard.php:75) in /home/ubuntu/workspace/Admin Portal/paper-dashboard-free-v1.1.2/paper-dashboard-free-v1.1.2/dashboard.php on line 21
[09-Feb-2018 02:53:43 UTC] PHP Stack trace:
[09-Feb-2018 02:53:43 UTC] PHP   1. {main}() /home/ubuntu/workspace/Admin Portal/paper-dashboard-free-v1.1.2/paper-dashboard-free-v1.1.2/dashboard.php:0
[09-Feb-2018 02:56:56 UTC] PHP Parse error:  syntax error, unexpected end of file in /home/ubuntu/workspace/Admin Portal/paper-dashboard-free-v1.1.2/paper-dashboard-free-v1.1.2/dashboard.php on line 677
[09-Feb-2018 03:08:31 UTC] PHP Fatal error:  Call to undefined function filterTable() in /home/ubuntu/workspace/Admin Portal/paper-dashboard-free-v1.1.2/paper-dashboard-free-v1.1.2/dashboard.php on line 17
[09-Feb-2018 03:08:31 UTC] PHP Stack trace:
[09-Feb-2018 03:08:31 UTC] PHP   1. {main}() /home/ubuntu/workspace/Admin Portal/paper-dashboard-free-v1.1.2/paper-dashboard-free-v1.1.2/dashboard.php:0
[09-Feb-2018 03:11:41 UTC] PHP Warning:  mysqli_query(): Empty query in /home/ubuntu/workspace/Admin Portal/paper-dashboard-free-v1.1.2/paper-dashboard-free-v1.1.2/dashboard.php on line 64
[09-Feb-2018 03:11:41 UTC] PHP Stack trace:
[09-Feb-2018 03:11:41 UTC] PHP   1. {main}() /home/ubuntu/workspace/Admin Portal/paper-dashboard-free-v1.1.2/paper-dashboard-free-v1.1.2/dashboard.php:0
[09-Feb-2018 03:11:41 UTC] PHP   2. mysqli_query() /home/ubuntu/workspace/Admin Portal/paper-dashboard-free-v1.1.2/paper-dashboard-free-v1.1.2/dashboard.php:64
[09-Feb-2018 03:16:19 UTC] PHP Fatal error:  Call to undefined function filterTable() in /home/ubuntu/workspace/Admin Portal/paper-dashboard-free-v1.1.2/paper-dashboard-free-v1.1.2/dashboard.php on line 17
[09-Feb-2018 03:16:19 UTC] PHP Stack trace:
[09-Feb-2018 03:16:19 UTC] PHP   1. {main}() /home/ubuntu/workspace/Admin Portal/paper-dashboard-free-v1.1.2/paper-dashboard-free-v1.1.2/dashboard.php:0
[09-Feb-2018 03:17:06 UTC] PHP Fatal error:  Call to undefined function filterrTable() in /home/ubuntu/workspace/Admin Portal/paper-dashboard-free-v1.1.2/paper-dashboard-free-v1.1.2/dashboard.php on line 17
[09-Feb-2018 03:17:06 UTC] PHP Stack trace:
[09-Feb-2018 03:17:06 UTC] PHP   1. {main}() /home/ubuntu/workspace/Admin Portal/paper-dashboard-free-v1.1.2/paper-dashboard-free-v1.1.2/dashboard.php:0
[09-Feb-2018 03:18:26 UTC] PHP Fatal error:  Call to undefined function filterrTable() in /home/ubuntu/workspace/Admin Portal/paper-dashboard-free-v1.1.2/paper-dashboard-free-v1.1.2/dashboard.php on line 17
[09-Feb-2018 03:18:26 UTC] PHP Stack trace:
[09-Feb-2018 03:18:26 UTC] PHP   1. {main}() /home/ubuntu/workspace/Admin Portal/paper-dashboard-free-v1.1.2/paper-dashboard-free-v1.1.2/dashboard.php:0
[09-Feb-2018 03:22:26 UTC] PHP Fatal error:  Using $this when not in object context in /home/ubuntu/workspace/Admin Portal/paper-dashboard-free-v1.1.2/paper-dashboard-free-v1.1.2/dashboard.php on line 17
[09-Feb-2018 03:22:26 UTC] PHP Stack trace:
[09-Feb-2018 03:22:26 UTC] PHP   1. {main}() /home/ubuntu/workspace/Admin Portal/paper-dashboard-free-v1.1.2/paper-dashboard-free-v1.1.2/dashboard.php:0
[09-Feb-2018 03:24:09 UTC] PHP Fatal error:  Using $this when not in object context in /home/ubuntu/workspace/Admin Portal/paper-dashboard-free-v1.1.2/paper-dashboard-free-v1.1.2/dashboard.php on line 17
[09-Feb-2018 03:24:09 UTC] PHP Stack trace:
[09-Feb-2018 03:24:09 UTC] PHP   1. {main}() /home/ubuntu/workspace/Admin Portal/paper-dashboard-free-v1.1.2/paper-dashboard-free-v1.1.2/dashboard.php:0
[09-Feb-2018 03:24:33 UTC] PHP Fatal error:  Call to undefined function filterrTable() in /home/ubuntu/workspace/Admin Portal/paper-dashboard-free-v1.1.2/paper-dashboard-free-v1.1.2/dashboard.php on line 17
[09-Feb-2018 03:24:33 UTC] PHP Stack trace:
[09-Feb-2018 03:24:33 UTC] PHP   1. {main}() /home/ubuntu/workspace/Admin Portal/paper-dashboard-free-v1.1.2/paper-dashboard-free-v1.1.2/dashboard.php:0
[09-Feb-2018 03:26:23 UTC] PHP Deprecated:  mysql_connect(): The mysql extension is deprecated and will be removed in the future: use mysqli or PDO instead in /home/ubuntu/workspace/Admin Portal/paper-dashboard-free-v1.1.2/paper-dashboard-free-v1.1.2/dashboard.php on line 8
[09-Feb-2018 03:26:23 UTC] PHP Stack trace:
[09-Feb-2018 03:26:23 UTC] PHP   1. {main}() /home/ubuntu/workspace/Admin Portal/paper-dashboard-free-v1.1.2/paper-dashboard-free-v1.1.2/dashboard.php:0
[09-Feb-2018 03:26:23 UTC] PHP   2. mysql_connect() /home/ubuntu/workspace/Admin Portal/paper-dashboard-free-v1.1.2/paper-dashboard-free-v1.1.2/dashboard.php:8
[09-Feb-2018 03:26:23 UTC] PHP Fatal error:  Call to undefined function filterrTable() in /home/ubuntu/workspace/Admin Portal/paper-dashboard-free-v1.1.2/paper-dashboard-free-v1.1.2/dashboard.php on line 19
[09-Feb-2018 03:26:23 UTC] PHP Stack trace:
[09-Feb-2018 03:26:23 UTC] PHP   1. {main}() /home/ubuntu/workspace/Admin Portal/paper-dashboard-free-v1.1.2/paper-dashboard-free-v1.1.2/dashboard.php:0
[09-Feb-2018 03:30:50 UTC] PHP Warning:  mysqli_select_db() expects parameter 1 to be mysqli, string given in /home/ubuntu/workspace/Admin Portal/paper-dashboard-free-v1.1.2/paper-dashboard-free-v1.1.2/dashboard.php on line 9
[09-Feb-2018 03:30:50 UTC] PHP Stack trace:
[09-Feb-2018 03:30:50 UTC] PHP   1. {main}() /home/ubuntu/workspace/Admin Portal/paper-dashboard-free-v1.1.2/paper-dashboard-free-v1.1.2/dashboard.php:0
[09-Feb-2018 03:30:50 UTC] PHP   2. mysqli_select_db() /home/ubuntu/workspace/Admin Portal/paper-dashboard-free-v1.1.2/paper-dashboard-free-v1.1.2/dashboard.php:9
[09-Feb-2018 03:30:50 UTC] PHP Warning:  mysqli_query() expects parameter 1 to be mysqli, string given in /home/ubuntu/workspace/Admin Portal/paper-dashboard-free-v1.1.2/paper-dashboard-free-v1.1.2/dashboard.php on line 12
[09-Feb-2018 03:30:50 UTC] PHP Stack trace:
[09-Feb-2018 03:30:50 UTC] PHP   1. {main}() /home/ubuntu/workspace/Admin Portal/paper-dashboard-free-v1.1.2/paper-dashboard-free-v1.1.2/dashboard.php:0
[09-Feb-2018 03:30:50 UTC] PHP   2. mysqli_query() /home/ubuntu/workspace/Admin Portal/paper-dashboard-free-v1.1.2/paper-dashboard-free-v1.1.2/dashboard.php:12
[09-Feb-2018 03:30:50 UTC] PHP Warning:  mysqli_num_rows() expects parameter 1 to be mysqli_result, null given in /home/ubuntu/workspace/Admin Portal/paper-dashboard-free-v1.1.2/paper-dashboard-free-v1.1.2/dashboard.php on line 13
[09-Feb-2018 03:30:50 UTC] PHP Stack trace:
[09-Feb-2018 03:30:50 UTC] PHP   1. {main}() /home/ubuntu/workspace/Admin Portal/paper-dashboard-free-v1.1.2/paper-dashboard-free-v1.1.2/dashboard.php:0
[09-Feb-2018 03:30:50 UTC] PHP   2. mysqli_num_rows() /home/ubuntu/workspace/Admin Portal/paper-dashboard-free-v1.1.2/paper-dashboard-free-v1.1.2/dashboard.php:13
[09-Feb-2018 03:30:50 UTC] PHP Warning:  mysqli_query() expects parameter 1 to be mysqli, string given in /home/ubuntu/workspace/Admin Portal/paper-dashboard-free-v1.1.2/paper-dashboard-free-v1.1.2/dashboard.php on line 16
[09-Feb-2018 03:30:50 UTC] PHP Stack trace:
[09-Feb-2018 03:30:50 UTC] PHP   1. {main}() /home/ubuntu/workspace/Admin Portal/paper-dashboard-free-v1.1.2/paper-dashboard-free-v1.1.2/dashboard.php:0
[09-Feb-2018 03:30:50 UTC] PHP   2. mysqli_query() /home/ubuntu/workspace/Admin Portal/paper-dashboard-free-v1.1.2/paper-dashboard-free-v1.1.2/dashboard.php:16
[09-Feb-2018 03:30:50 UTC] PHP Warning:  mysqli_num_rows() expects parameter 1 to be mysqli_result, null given in /home/ubuntu/workspace/Admin Portal/paper-dashboard-free-v1.1.2/paper-dashboard-free-v1.1.2/dashboard.php on line 17
[09-Feb-2018 03:30:50 UTC] PHP Stack trace:
[09-Feb-2018 03:30:50 UTC] PHP   1. {main}() /home/ubuntu/workspace/Admin Portal/paper-dashboard-free-v1.1.2/paper-dashboard-free-v1.1.2/dashboard.php:0
[09-Feb-2018 03:30:50 UTC] PHP   2. mysqli_num_rows() /home/ubuntu/workspace/Admin Portal/paper-dashboard-free-v1.1.2/paper-dashboard-free-v1.1.2/dashboard.php:17
[09-Feb-2018 03:30:50 UTC] PHP Fatal error:  Call to undefined function filterrTable() in /home/ubuntu/workspace/Admin Portal/paper-dashboard-free-v1.1.2/paper-dashboard-free-v1.1.2/dashboard.php on line 19
[09-Feb-2018 03:30:50 UTC] PHP Stack trace:
[09-Feb-2018 03:30:50 UTC] PHP   1. {main}() /home/ubuntu/workspace/Admin Portal/paper-dashboard-free-v1.1.2/paper-dashboard-free-v1.1.2/dashboard.php:0
[09-Feb-2018 04:04:37 UTC] PHP Warning:  mysqli_select_db() expects parameter 1 to be mysqli, string given in /home/ubuntu/workspace/Admin Portal/paper-dashboard-free-v1.1.2/paper-dashboard-free-v1.1.2/dashboard.php on line 54
[09-Feb-2018 04:04:37 UTC] PHP Stack trace:
[09-Feb-2018 04:04:37 UTC] PHP   1. {main}() /home/ubuntu/workspace/Admin Portal/paper-dashboard-free-v1.1.2/paper-dashboard-free-v1.1.2/dashboard.php:0
[09-Feb-2018 04:04:37 UTC] PHP   2. mysqli_select_db() /home/ubuntu/workspace/Admin Portal/paper-dashboard-free-v1.1.2/paper-dashboard-free-v1.1.2/dashboard.php:54
[09-Feb-2018 04:04:37 UTC] PHP Warning:  mysqli_query() expects parameter 1 to be mysqli, string given in /home/ubuntu/workspace/Admin Portal/paper-dashboard-free-v1.1.2/paper-dashboard-free-v1.1.2/dashboard.php on line 57
[09-Feb-2018 04:04:37 UTC] PHP Stack trace:
[09-Feb-2018 04:04:37 UTC] PHP   1. {main}() /home/ubuntu/workspace/Admin Portal/paper-dashboard-free-v1.1.2/paper-dashboard-free-v1.1.2/dashboard.php:0
[09-Feb-2018 04:04:37 UTC] PHP   2. mysqli_query() /home/ubuntu/workspace/Admin Portal/paper-dashboard-free-v1.1.2/paper-dashboard-free-v1.1.2/dashboard.php:57
[09-Feb-2018 04:04:37 UTC] PHP Warning:  mysqli_num_rows() expects parameter 1 to be mysqli_result, null given in /home/ubuntu/workspace/Admin Portal/paper-dashboard-free-v1.1.2/paper-dashboard-free-v1.1.2/dashboard.php on line 58
[09-Feb-2018 04:04:37 UTC] PHP Stack trace:
[09-Feb-2018 04:04:37 UTC] PHP   1. {main}() /home/ubuntu/workspace/Admin Portal/paper-dashboard-free-v1.1.2/paper-dashboard-free-v1.1.2/dashboard.php:0
[09-Feb-2018 04:04:37 UTC] PHP   2. mysqli_num_rows() /home/ubuntu/workspace/Admin Portal/paper-dashboard-free-v1.1.2/paper-dashboard-free-v1.1.2/dashboard.php:58
[09-Feb-2018 04:04:37 UTC] PHP Warning:  mysqli_query() expects parameter 1 to be mysqli, string given in /home/ubuntu/workspace/Admin Portal/paper-dashboard-free-v1.1.2/paper-dashboard-free-v1.1.2/dashboard.php on line 61
[09-Feb-2018 04:04:37 UTC] PHP Stack trace:
[09-Feb-2018 04:04:37 UTC] PHP   1. {main}() /home/ubuntu/workspace/Admin Portal/paper-dashboard-free-v1.1.2/paper-dashboard-free-v1.1.2/dashboard.php:0
[09-Feb-2018 04:04:37 UTC] PHP   2. mysqli_query() /home/ubuntu/workspace/Admin Portal/paper-dashboard-free-v1.1.2/paper-dashboard-free-v1.1.2/dashboard.php:61
[09-Feb-2018 04:04:37 UTC] PHP Warning:  mysqli_num_rows() expects parameter 1 to be mysqli_result, null given in /home/ubuntu/workspace/Admin Portal/paper-dashboard-free-v1.1.2/paper-dashboard-free-v1.1.2/dashboard.php on line 62
[09-Feb-2018 04:04:37 UTC] PHP Stack trace:
[09-Feb-2018 04:04:37 UTC] PHP   1. {main}() /home/ubuntu/workspace/Admin Portal/paper-dashboard-free-v1.1.2/paper-dashboard-free-v1.1.2/dashboard.php:0
[09-Feb-2018 04:04:37 UTC] PHP   2. mysqli_num_rows() /home/ubuntu/workspace/Admin Portal/paper-dashboard-free-v1.1.2/paper-dashboard-free-v1.1.2/dashboard.php:62
[09-Feb-2018 04:04:37 UTC] PHP Warning:  mysqli_query() expects parameter 1 to be mysqli, string given in /home/ubuntu/workspace/Admin Portal/paper-dashboard-free-v1.1.2/paper-dashboard-free-v1.1.2/dashboard.php on line 72
[09-Feb-2018 04:04:37 UTC] PHP Stack trace:
[09-Feb-2018 04:04:37 UTC] PHP   1. {main}() /home/ubuntu/workspace/Admin Portal/paper-dashboard-free-v1.1.2/paper-dashboard-free-v1.1.2/dashboard.php:0
[09-Feb-2018 04:04:37 UTC] PHP   2. mysqli_query() /home/ubuntu/workspace/Admin Portal/paper-dashboard-free-v1.1.2/paper-dashboard-free-v1.1.2/dashboard.php:72
[09-Feb-2018 04:04:37 UTC] PHP Warning:  mysqli_num_rows() expects parameter 1 to be mysqli_result, null given in /home/ubuntu/workspace/Admin Portal/paper-dashboard-free-v1.1.2/paper-dashboard-free-v1.1.2/dashboard.php on line 73
[09-Feb-2018 04:04:37 UTC] PHP Stack trace:
[09-Feb-2018 04:04:37 UTC] PHP   1. {main}() /home/ubuntu/workspace/Admin Portal/paper-dashboard-free-v1.1.2/paper-dashboard-free-v1.1.2/dashboard.php:0
[09-Feb-2018 04:04:37 UTC] PHP   2. mysqli_num_rows() /home/ubuntu/workspace/Admin Portal/paper-dashboard-free-v1.1.2/paper-dashboard-free-v1.1.2/dashboard.php:73
[09-Feb-2018 04:22:21 UTC] PHP Deprecated:  mysql_connect(): The mysql extension is deprecated and will be removed in the future: use mysqli or PDO instead in /home/ubuntu/workspace/Admin Portal/paper-dashboard-free-v1.1.2/paper-dashboard-free-v1.1.2/dashboard.php on line 44
[09-Feb-2018 04:22:21 UTC] PHP Stack trace:
[09-Feb-2018 04:22:21 UTC] PHP   1. {main}() /home/ubuntu/workspace/Admin Portal/paper-dashboard-free-v1.1.2/paper-dashboard-free-v1.1.2/dashboard.php:0
[09-Feb-2018 04:22:21 UTC] PHP   2. mysql_connect() /home/ubuntu/workspace/Admin Portal/paper-dashboard-free-v1.1.2/paper-dashboard-free-v1.1.2/dashboard.php:44
[09-Feb-2018 04:22:32 UTC] PHP Deprecated:  mysql_connect(): The mysql extension is deprecated and will be removed in the future: use mysqli or PDO instead in /home/ubuntu/workspace/Admin Portal/paper-dashboard-free-v1.1.2/paper-dashboard-free-v1.1.2/dashboard.php on line 8
[09-Feb-2018 04:22:32 UTC] PHP Stack trace:
[09-Feb-2018 04:22:32 UTC] PHP   1. {main}() /home/ubuntu/workspace/Admin Portal/paper-dashboard-free-v1.1.2/paper-dashboard-free-v1.1.2/dashboard.php:0
[09-Feb-2018 04:22:32 UTC] PHP   2. mysql_connect() /home/ubuntu/workspace/Admin Portal/paper-dashboard-free-v1.1.2/paper-dashboard-free-v1.1.2/dashboard.php:8
[09-Feb-2018 04:22:50 UTC] PHP Deprecated:  mysql_connect(): The mysql extension is deprecated and will be removed in the future: use mysqli or PDO instead in /home/ubuntu/workspace/Admin Portal/paper-dashboard-free-v1.1.2/paper-dashboard-free-v1.1.2/dashboard.php on line 8
[09-Feb-2018 04:22:50 UTC] PHP Stack trace:
[09-Feb-2018 04:22:50 UTC] PHP   1. {main}() /home/ubuntu/workspace/Admin Portal/paper-dashboard-free-v1.1.2/paper-dashboard-free-v1.1.2/dashboard.php:0
[09-Feb-2018 04:22:50 UTC] PHP   2. mysql_connect() /home/ubuntu/workspace/Admin Portal/paper-dashboard-free-v1.1.2/paper-dashboard-free-v1.1.2/dashboard.php:8
[09-Feb-2018 04:23:25 UTC] PHP Deprecated:  mysql_connect(): The mysql extension is deprecated and will be removed in the future: use mysqli or PDO instead in /home/ubuntu/workspace/Admin Portal/paper-dashboard-free-v1.1.2/paper-dashboard-free-v1.1.2/dashboard.php on line 8
[09-Feb-2018 04:23:25 UTC] PHP Stack trace:
[09-Feb-2018 04:23:25 UTC] PHP   1. {main}() /home/ubuntu/workspace/Admin Portal/paper-dashboard-free-v1.1.2/paper-dashboard-free-v1.1.2/dashboard.php:0
[09-Feb-2018 04:23:25 UTC] PHP   2. mysql_connect() /home/ubuntu/workspace/Admin Portal/paper-dashboard-free-v1.1.2/paper-dashboard-free-v1.1.2/dashboard.php:8
[09-Feb-2018 04:23:51 UTC] PHP Deprecated:  mysql_connect(): The mysql extension is deprecated and will be removed in the future: use mysqli or PDO instead in /home/ubuntu/workspace/Admin Portal/paper-dashboard-free-v1.1.2/paper-dashboard-free-v1.1.2/dashboard.php on line 8
[09-Feb-2018 04:23:51 UTC] PHP Stack trace:
[09-Feb-2018 04:23:51 UTC] PHP   1. {main}() /home/ubuntu/workspace/Admin Portal/paper-dashboard-free-v1.1.2/paper-dashboard-free-v1.1.2/dashboard.php:0
[09-Feb-2018 04:23:51 UTC] PHP   2. mysql_connect() /home/ubuntu/workspace/Admin Portal/paper-dashboard-free-v1.1.2/paper-dashboard-free-v1.1.2/dashboard.php:8
[09-Feb-2018 04:32:59 UTC] PHP Notice:  Undefined variable: num_rows in /home/ubuntu/workspace/Admin Portal/paper-dashboard-free-v1.1.2/paper-dashboard-free-v1.1.2/dashboard.php on line 352
[09-Feb-2018 04:32:59 UTC] PHP Stack trace:
[09-Feb-2018 04:32:59 UTC] PHP   1. {main}() /home/ubuntu/workspace/Admin Portal/paper-dashboard-free-v1.1.2/paper-dashboard-free-v1.1.2/dashboard.php:0
[09-Feb-2018 04:32:59 UTC] PHP Notice:  Undefined variable: smenum_rows in /home/ubuntu/workspace/Admin Portal/paper-dashboard-free-v1.1.2/paper-dashboard-free-v1.1.2/dashboard.php on line 377
[09-Feb-2018 04:32:59 UTC] PHP Stack trace:
[09-Feb-2018 04:32:59 UTC] PHP   1. {main}() /home/ubuntu/workspace/Admin Portal/paper-dashboard-free-v1.1.2/paper-dashboard-free-v1.1.2/dashboard.php:0
[09-Feb-2018 04:32:59 UTC] PHP Notice:  Undefined variable: projnum_rows in /home/ubuntu/workspace/Admin Portal/paper-dashboard-free-v1.1.2/paper-dashboard-free-v1.1.2/dashboard.php on line 402
[09-Feb-2018 04:32:59 UTC] PHP Stack trace:
[09-Feb-2018 04:32:59 UTC] PHP   1. {main}() /home/ubuntu/workspace/Admin Portal/paper-dashboard-free-v1.1.2/paper-dashboard-free-v1.1.2/dashboard.php:0
[09-Feb-2018 04:32:59 UTC] PHP Notice:  Undefined variable: res in /home/ubuntu/workspace/Admin Portal/paper-dashboard-free-v1.1.2/paper-dashboard-free-v1.1.2/dashboard.php on line 451
[09-Feb-2018 04:32:59 UTC] PHP Stack trace:
[09-Feb-2018 04:32:59 UTC] PHP   1. {main}() /home/ubuntu/workspace/Admin Portal/paper-dashboard-free-v1.1.2/paper-dashboard-free-v1.1.2/dashboard.php:0
[09-Feb-2018 04:32:59 UTC] PHP Warning:  mysqli_num_rows() expects parameter 1 to be mysqli_result, null given in /home/ubuntu/workspace/Admin Portal/paper-dashboard-free-v1.1.2/paper-dashboard-free-v1.1.2/dashboard.php on line 451
[09-Feb-2018 04:32:59 UTC] PHP Stack trace:
[09-Feb-2018 04:32:59 UTC] PHP   1. {main}() /home/ubuntu/workspace/Admin Portal/paper-dashboard-free-v1.1.2/paper-dashboard-free-v1.1.2/dashboard.php:0
[09-Feb-2018 04:32:59 UTC] PHP   2. mysqli_num_rows() /home/ubuntu/workspace/Admin Portal/paper-dashboard-free-v1.1.2/paper-dashboard-free-v1.1.2/dashboard.php:451
[09-Feb-2018 04:33:02 UTC] PHP Deprecated:  mysql_connect(): The mysql extension is deprecated and will be removed in the future: use mysqli or PDO instead in /home/ubuntu/workspace/Admin Portal/paper-dashboard-free-v1.1.2/paper-dashboard-free-v1.1.2/dashboard.php on line 48
[09-Feb-2018 04:33:02 UTC] PHP Stack trace:
[09-Feb-2018 04:33:02 UTC] PHP   1. {main}() /home/ubuntu/workspace/Admin Portal/paper-dashboard-free-v1.1.2/paper-dashboard-free-v1.1.2/dashboard.php:0
[09-Feb-2018 04:33:02 UTC] PHP   2. mysql_connect() /home/ubuntu/workspace/Admin Portal/paper-dashboard-free-v1.1.2/paper-dashboard-free-v1.1.2/dashboard.php:48
[09-Feb-2018 04:33:51 UTC] PHP Notice:  Undefined variable: link in /home/ubuntu/workspace/Admin Portal/paper-dashboard-free-v1.1.2/paper-dashboard-free-v1.1.2/dashboard.php on line 50
[09-Feb-2018 04:33:51 UTC] PHP Stack trace:
[09-Feb-2018 04:33:51 UTC] PHP   1. {main}() /home/ubuntu/workspace/Admin Portal/paper-dashboard-free-v1.1.2/paper-dashboard-free-v1.1.2/dashboard.php:0
[09-Feb-2018 04:33:51 UTC] PHP Warning:  mysql_query() expects parameter 2 to be resource, null given in /home/ubuntu/workspace/Admin Portal/paper-dashboard-free-v1.1.2/paper-dashboard-free-v1.1.2/dashboard.php on line 50
[09-Feb-2018 04:33:51 UTC] PHP Stack trace:
[09-Feb-2018 04:33:51 UTC] PHP   1. {main}() /home/ubuntu/workspace/Admin Portal/paper-dashboard-free-v1.1.2/paper-dashboard-free-v1.1.2/dashboard.php:0
[09-Feb-2018 04:33:51 UTC] PHP   2. mysql_query() /home/ubuntu/workspace/Admin Portal/paper-dashboard-free-v1.1.2/paper-dashboard-free-v1.1.2/dashboard.php:50
[09-Feb-2018 04:33:51 UTC] PHP Warning:  mysql_num_rows() expects parameter 1 to be resource, null given in /home/ubuntu/workspace/Admin Portal/paper-dashboard-free-v1.1.2/paper-dashboard-free-v1.1.2/dashboard.php on line 51
[09-Feb-2018 04:33:51 UTC] PHP Stack trace:
[09-Feb-2018 04:33:51 UTC] PHP   1. {main}() /home/ubuntu/workspace/Admin Portal/paper-dashboard-free-v1.1.2/paper-dashboard-free-v1.1.2/dashboard.php:0
[09-Feb-2018 04:33:51 UTC] PHP   2. mysql_num_rows() /home/ubuntu/workspace/Admin Portal/paper-dashboard-free-v1.1.2/paper-dashboard-free-v1.1.2/dashboard.php:51
[09-Feb-2018 04:33:51 UTC] PHP Notice:  Undefined variable: link in /home/ubuntu/workspace/Admin Portal/paper-dashboard-free-v1.1.2/paper-dashboard-free-v1.1.2/dashboard.php on line 54
[09-Feb-2018 04:33:51 UTC] PHP Stack trace:
[09-Feb-2018 04:33:51 UTC] PHP   1. {main}() /home/ubuntu/workspace/Admin Portal/paper-dashboard-free-v1.1.2/paper-dashboard-free-v1.1.2/dashboard.php:0
[09-Feb-2018 04:33:51 UTC] PHP Warning:  mysql_query() expects parameter 2 to be resource, null given in /home/ubuntu/workspace/Admin Portal/paper-dashboard-free-v1.1.2/paper-dashboard-free-v1.1.2/dashboard.php on line 54
[09-Feb-2018 04:33:51 UTC] PHP Stack trace:
[09-Feb-2018 04:33:51 UTC] PHP   1. {main}() /home/ubuntu/workspace/Admin Portal/paper-dashboard-free-v1.1.2/paper-dashboard-free-v1.1.2/dashboard.php:0
[09-Feb-2018 04:33:51 UTC] PHP   2. mysql_query() /home/ubuntu/workspace/Admin Portal/paper-dashboard-free-v1.1.2/paper-dashboard-free-v1.1.2/dashboard.php:54
[09-Feb-2018 04:33:51 UTC] PHP Warning:  mysql_num_rows() expects parameter 1 to be resource, null given in /home/ubuntu/workspace/Admin Portal/paper-dashboard-free-v1.1.2/paper-dashboard-free-v1.1.2/dashboard.php on line 55
[09-Feb-2018 04:33:51 UTC] PHP Stack trace:
[09-Feb-2018 04:33:51 UTC] PHP   1. {main}() /home/ubuntu/workspace/Admin Portal/paper-dashboard-free-v1.1.2/paper-dashboard-free-v1.1.2/dashboard.php:0
[09-Feb-2018 04:33:51 UTC] PHP   2. mysql_num_rows() /home/ubuntu/workspace/Admin Portal/paper-dashboard-free-v1.1.2/paper-dashboard-free-v1.1.2/dashboard.php:55
[09-Feb-2018 04:33:51 UTC] PHP Notice:  Undefined variable: link in /home/ubuntu/workspace/Admin Portal/paper-dashboard-free-v1.1.2/paper-dashboard-free-v1.1.2/dashboard.php on line 59
[09-Feb-2018 04:33:51 UTC] PHP Stack trace:
[09-Feb-2018 04:33:51 UTC] PHP   1. {main}() /home/ubuntu/workspace/Admin Portal/paper-dashboard-free-v1.1.2/paper-dashboard-free-v1.1.2/dashboard.php:0
[09-Feb-2018 04:33:51 UTC] PHP Warning:  mysql_query() expects parameter 2 to be resource, null given in /home/ubuntu/workspace/Admin Portal/paper-dashboard-free-v1.1.2/paper-dashboard-free-v1.1.2/dashboard.php on line 59
[09-Feb-2018 04:33:51 UTC] PHP Stack trace:
[09-Feb-2018 04:33:51 UTC] PHP   1. {main}() /home/ubuntu/workspace/Admin Portal/paper-dashboard-free-v1.1.2/paper-dashboard-free-v1.1.2/dashboard.php:0
[09-Feb-2018 04:33:51 UTC] PHP   2. mysql_query() /home/ubuntu/workspace/Admin Portal/paper-dashboard-free-v1.1.2/paper-dashboard-free-v1.1.2/dashboard.php:59
[09-Feb-2018 04:33:51 UTC] PHP Warning:  mysql_num_rows() expects parameter 1 to be resource, null given in /home/ubuntu/workspace/Admin Portal/paper-dashboard-free-v1.1.2/paper-dashboard-free-v1.1.2/dashboard.php on line 60
[09-Feb-2018 04:33:51 UTC] PHP Stack trace:
[09-Feb-2018 04:33:51 UTC] PHP   1. {main}() /home/ubuntu/workspace/Admin Portal/paper-dashboard-free-v1.1.2/paper-dashboard-free-v1.1.2/dashboard.php:0
[09-Feb-2018 04:33:51 UTC] PHP   2. mysql_num_rows() /home/ubuntu/workspace/Admin Portal/paper-dashboard-free-v1.1.2/paper-dashboard-free-v1.1.2/dashboard.php:60
[09-Feb-2018 04:34:04 UTC] PHP Deprecated:  mysql_connect(): The mysql extension is deprecated and will be removed in the future: use mysqli or PDO instead in /home/ubuntu/workspace/Admin Portal/paper-dashboard-free-v1.1.2/paper-dashboard-free-v1.1.2/dashboard.php on line 48
[09-Feb-2018 04:34:04 UTC] PHP Stack trace:
[09-Feb-2018 04:34:04 UTC] PHP   1. {main}() /home/ubuntu/workspace/Admin Portal/paper-dashboard-free-v1.1.2/paper-dashboard-free-v1.1.2/dashboard.php:0
[09-Feb-2018 04:34:04 UTC] PHP   2. mysql_connect() /home/ubuntu/workspace/Admin Portal/paper-dashboard-free-v1.1.2/paper-dashboard-free-v1.1.2/dashboard.php:48
[09-Feb-2018 04:34:17 UTC] PHP Notice:  Undefined variable: num_rows in /home/ubuntu/workspace/Admin Portal/paper-dashboard-free-v1.1.2/paper-dashboard-free-v1.1.2/dashboard.php on line 352
[09-Feb-2018 04:34:17 UTC] PHP Stack trace:
[09-Feb-2018 04:34:17 UTC] PHP   1. {main}() /home/ubuntu/workspace/Admin Portal/paper-dashboard-free-v1.1.2/paper-dashboard-free-v1.1.2/dashboard.php:0
[09-Feb-2018 04:34:17 UTC] PHP Notice:  Undefined variable: smenum_rows in /home/ubuntu/workspace/Admin Portal/paper-dashboard-free-v1.1.2/paper-dashboard-free-v1.1.2/dashboard.php on line 377
[09-Feb-2018 04:34:17 UTC] PHP Stack trace:
[09-Feb-2018 04:34:17 UTC] PHP   1. {main}() /home/ubuntu/workspace/Admin Portal/paper-dashboard-free-v1.1.2/paper-dashboard-free-v1.1.2/dashboard.php:0
[09-Feb-2018 04:34:17 UTC] PHP Notice:  Undefined variable: projnum_rows in /home/ubuntu/workspace/Admin Portal/paper-dashboard-free-v1.1.2/paper-dashboard-free-v1.1.2/dashboard.php on line 402
[09-Feb-2018 04:34:17 UTC] PHP Stack trace:
[09-Feb-2018 04:34:17 UTC] PHP   1. {main}() /home/ubuntu/workspace/Admin Portal/paper-dashboard-free-v1.1.2/paper-dashboard-free-v1.1.2/dashboard.php:0
[09-Feb-2018 04:34:17 UTC] PHP Notice:  Undefined variable: res in /home/ubuntu/workspace/Admin Portal/paper-dashboard-free-v1.1.2/paper-dashboard-free-v1.1.2/dashboard.php on line 451
[09-Feb-2018 04:34:17 UTC] PHP Stack trace:
[09-Feb-2018 04:34:17 UTC] PHP   1. {main}() /home/ubuntu/workspace/Admin Portal/paper-dashboard-free-v1.1.2/paper-dashboard-free-v1.1.2/dashboard.php:0
[09-Feb-2018 04:34:17 UTC] PHP Warning:  mysqli_num_rows() expects parameter 1 to be mysqli_result, null given in /home/ubuntu/workspace/Admin Portal/paper-dashboard-free-v1.1.2/paper-dashboard-free-v1.1.2/dashboard.php on line 451
[09-Feb-2018 04:34:17 UTC] PHP Stack trace:
[09-Feb-2018 04:34:17 UTC] PHP   1. {main}() /home/ubuntu/workspace/Admin Portal/paper-dashboard-free-v1.1.2/paper-dashboard-free-v1.1.2/dashboard.php:0
[09-Feb-2018 04:34:17 UTC] PHP   2. mysqli_num_rows() /home/ubuntu/workspace/Admin Portal/paper-dashboard-free-v1.1.2/paper-dashboard-free-v1.1.2/dashboard.php:451
[09-Feb-2018 04:34:18 UTC] PHP Deprecated:  mysql_connect(): The mysql extension is deprecated and will be removed in the future: use mysqli or PDO instead in /home/ubuntu/workspace/Admin Portal/paper-dashboard-free-v1.1.2/paper-dashboard-free-v1.1.2/dashboard.php on line 48
[09-Feb-2018 04:34:18 UTC] PHP Stack trace:
[09-Feb-2018 04:34:18 UTC] PHP   1. {main}() /home/ubuntu/workspace/Admin Portal/paper-dashboard-free-v1.1.2/paper-dashboard-free-v1.1.2/dashboard.php:0
[09-Feb-2018 04:34:18 UTC] PHP   2. mysql_connect() /home/ubuntu/workspace/Admin Portal/paper-dashboard-free-v1.1.2/paper-dashboard-free-v1.1.2/dashboard.php:48
[09-Feb-2018 04:34:43 UTC] PHP Notice:  Undefined variable: num_rows in /home/ubuntu/workspace/Admin Portal/paper-dashboard-free-v1.1.2/paper-dashboard-free-v1.1.2/dashboard.php on line 352
[09-Feb-2018 04:34:43 UTC] PHP Stack trace:
[09-Feb-2018 04:34:43 UTC] PHP   1. {main}() /home/ubuntu/workspace/Admin Portal/paper-dashboard-free-v1.1.2/paper-dashboard-free-v1.1.2/dashboard.php:0
[09-Feb-2018 04:34:43 UTC] PHP Notice:  Undefined variable: smenum_rows in /home/ubuntu/workspace/Admin Portal/paper-dashboard-free-v1.1.2/paper-dashboard-free-v1.1.2/dashboard.php on line 377
[09-Feb-2018 04:34:43 UTC] PHP Stack trace:
[09-Feb-2018 04:34:43 UTC] PHP   1. {main}() /home/ubuntu/workspace/Admin Portal/paper-dashboard-free-v1.1.2/paper-dashboard-free-v1.1.2/dashboard.php:0
[09-Feb-2018 04:34:43 UTC] PHP Notice:  Undefined variable: projnum_rows in /home/ubuntu/workspace/Admin Portal/paper-dashboard-free-v1.1.2/paper-dashboard-free-v1.1.2/dashboard.php on line 402
[09-Feb-2018 04:34:43 UTC] PHP Stack trace:
[09-Feb-2018 04:34:43 UTC] PHP   1. {main}() /home/ubuntu/workspace/Admin Portal/paper-dashboard-free-v1.1.2/paper-dashboard-free-v1.1.2/dashboard.php:0
[09-Feb-2018 04:34:43 UTC] PHP Notice:  Undefined variable: res in /home/ubuntu/workspace/Admin Portal/paper-dashboard-free-v1.1.2/paper-dashboard-free-v1.1.2/dashboard.php on line 451
[09-Feb-2018 04:34:43 UTC] PHP Stack trace:
[09-Feb-2018 04:34:43 UTC] PHP   1. {main}() /home/ubuntu/workspace/Admin Portal/paper-dashboard-free-v1.1.2/paper-dashboard-free-v1.1.2/dashboard.php:0
[09-Feb-2018 04:34:43 UTC] PHP Warning:  mysqli_num_rows() expects parameter 1 to be mysqli_result, null given in /home/ubuntu/workspace/Admin Portal/paper-dashboard-free-v1.1.2/paper-dashboard-free-v1.1.2/dashboard.php on line 451
[09-Feb-2018 04:34:43 UTC] PHP Stack trace:
[09-Feb-2018 04:34:43 UTC] PHP   1. {main}() /home/ubuntu/workspace/Admin Portal/paper-dashboard-free-v1.1.2/paper-dashboard-free-v1.1.2/dashboard.php:0
[09-Feb-2018 04:34:43 UTC] PHP   2. mysqli_num_rows() /home/ubuntu/workspace/Admin Portal/paper-dashboard-free-v1.1.2/paper-dashboard-free-v1.1.2/dashboard.php:451
[09-Feb-2018 04:34:45 UTC] PHP Deprecated:  mysql_connect(): The mysql extension is deprecated and will be removed in the future: use mysqli or PDO instead in /home/ubuntu/workspace/Admin Portal/paper-dashboard-free-v1.1.2/paper-dashboard-free-v1.1.2/dashboard.php on line 48
[09-Feb-2018 04:34:45 UTC] PHP Stack trace:
[09-Feb-2018 04:34:45 UTC] PHP   1. {main}() /home/ubuntu/workspace/Admin Portal/paper-dashboard-free-v1.1.2/paper-dashboard-free-v1.1.2/dashboard.php:0
[09-Feb-2018 04:34:45 UTC] PHP   2. mysql_connect() /home/ubuntu/workspace/Admin Portal/paper-dashboard-free-v1.1.2/paper-dashboard-free-v1.1.2/dashboard.php:48
[09-Feb-2018 04:36:19 UTC] PHP Deprecated:  mysql_connect(): The mysql extension is deprecated and will be removed in the future: use mysqli or PDO instead in /home/ubuntu/workspace/Admin Portal/paper-dashboard-free-v1.1.2/paper-dashboard-free-v1.1.2/dashboard.php on line 48
[09-Feb-2018 04:36:19 UTC] PHP Stack trace:
[09-Feb-2018 04:36:19 UTC] PHP   1. {main}() /home/ubuntu/workspace/Admin Portal/paper-dashboard-free-v1.1.2/paper-dashboard-free-v1.1.2/dashboard.php:0
[09-Feb-2018 04:36:19 UTC] PHP   2. mysql_connect() /home/ubuntu/workspace/Admin Portal/paper-dashboard-free-v1.1.2/paper-dashboard-free-v1.1.2/dashboard.php:48
[09-Feb-2018 04:36:25 UTC] PHP Notice:  Undefined variable: num_rows in /home/ubuntu/workspace/Admin Portal/paper-dashboard-free-v1.1.2/paper-dashboard-free-v1.1.2/dashboard.php on line 353
[09-Feb-2018 04:36:25 UTC] PHP Stack trace:
[09-Feb-2018 04:36:25 UTC] PHP   1. {main}() /home/ubuntu/workspace/Admin Portal/paper-dashboard-free-v1.1.2/paper-dashboard-free-v1.1.2/dashboard.php:0
[09-Feb-2018 04:36:25 UTC] PHP Notice:  Undefined variable: smenum_rows in /home/ubuntu/workspace/Admin Portal/paper-dashboard-free-v1.1.2/paper-dashboard-free-v1.1.2/dashboard.php on line 378
[09-Feb-2018 04:36:25 UTC] PHP Stack trace:
[09-Feb-2018 04:36:25 UTC] PHP   1. {main}() /home/ubuntu/workspace/Admin Portal/paper-dashboard-free-v1.1.2/paper-dashboard-free-v1.1.2/dashboard.php:0
[09-Feb-2018 04:36:25 UTC] PHP Notice:  Undefined variable: projnum_rows in /home/ubuntu/workspace/Admin Portal/paper-dashboard-free-v1.1.2/paper-dashboard-free-v1.1.2/dashboard.php on line 403
[09-Feb-2018 04:36:25 UTC] PHP Stack trace:
[09-Feb-2018 04:36:25 UTC] PHP   1. {main}() /home/ubuntu/workspace/Admin Portal/paper-dashboard-free-v1.1.2/paper-dashboard-free-v1.1.2/dashboard.php:0
[09-Feb-2018 04:36:25 UTC] PHP Notice:  Undefined variable: res in /home/ubuntu/workspace/Admin Portal/paper-dashboard-free-v1.1.2/paper-dashboard-free-v1.1.2/dashboard.php on line 452
[09-Feb-2018 04:36:25 UTC] PHP Stack trace:
[09-Feb-2018 04:36:25 UTC] PHP   1. {main}() /home/ubuntu/workspace/Admin Portal/paper-dashboard-free-v1.1.2/paper-dashboard-free-v1.1.2/dashboard.php:0
[09-Feb-2018 04:36:25 UTC] PHP Warning:  mysqli_num_rows() expects parameter 1 to be mysqli_result, null given in /home/ubuntu/workspace/Admin Portal/paper-dashboard-free-v1.1.2/paper-dashboard-free-v1.1.2/dashboard.php on line 452
[09-Feb-2018 04:36:25 UTC] PHP Stack trace:
[09-Feb-2018 04:36:25 UTC] PHP   1. {main}() /home/ubuntu/workspace/Admin Portal/paper-dashboard-free-v1.1.2/paper-dashboard-free-v1.1.2/dashboard.php:0
[09-Feb-2018 04:36:25 UTC] PHP   2. mysqli_num_rows() /home/ubuntu/workspace/Admin Portal/paper-dashboard-free-v1.1.2/paper-dashboard-free-v1.1.2/dashboard.php:452
[09-Feb-2018 04:36:27 UTC] PHP Deprecated:  mysql_connect(): The mysql extension is deprecated and will be removed in the future: use mysqli or PDO instead in /home/ubuntu/workspace/Admin Portal/paper-dashboard-free-v1.1.2/paper-dashboard-free-v1.1.2/dashboard.php on line 48
[09-Feb-2018 04:36:27 UTC] PHP Stack trace:
[09-Feb-2018 04:36:27 UTC] PHP   1. {main}() /home/ubuntu/workspace/Admin Portal/paper-dashboard-free-v1.1.2/paper-dashboard-free-v1.1.2/dashboard.php:0
[09-Feb-2018 04:36:27 UTC] PHP   2. mysql_connect() /home/ubuntu/workspace/Admin Portal/paper-dashboard-free-v1.1.2/paper-dashboard-free-v1.1.2/dashboard.php:48
[09-Feb-2018 04:36:43 UTC] PHP Notice:  Undefined variable: num_rows in /home/ubuntu/workspace/Admin Portal/paper-dashboard-free-v1.1.2/paper-dashboard-free-v1.1.2/dashboard.php on line 353
[09-Feb-2018 04:36:43 UTC] PHP Stack trace:
[09-Feb-2018 04:36:43 UTC] PHP   1. {main}() /home/ubuntu/workspace/Admin Portal/paper-dashboard-free-v1.1.2/paper-dashboard-free-v1.1.2/dashboard.php:0
[09-Feb-2018 04:36:43 UTC] PHP Notice:  Undefined variable: smenum_rows in /home/ubuntu/workspace/Admin Portal/paper-dashboard-free-v1.1.2/paper-dashboard-free-v1.1.2/dashboard.php on line 378
[09-Feb-2018 04:36:43 UTC] PHP Stack trace:
[09-Feb-2018 04:36:43 UTC] PHP   1. {main}() /home/ubuntu/workspace/Admin Portal/paper-dashboard-free-v1.1.2/paper-dashboard-free-v1.1.2/dashboard.php:0
[09-Feb-2018 04:36:43 UTC] PHP Notice:  Undefined variable: projnum_rows in /home/ubuntu/workspace/Admin Portal/paper-dashboard-free-v1.1.2/paper-dashboard-free-v1.1.2/dashboard.php on line 403
[09-Feb-2018 04:36:43 UTC] PHP Stack trace:
[09-Feb-2018 04:36:43 UTC] PHP   1. {main}() /home/ubuntu/workspace/Admin Portal/paper-dashboard-free-v1.1.2/paper-dashboard-free-v1.1.2/dashboard.php:0
[09-Feb-2018 04:36:43 UTC] PHP Notice:  Undefined variable: res in /home/ubuntu/workspace/Admin Portal/paper-dashboard-free-v1.1.2/paper-dashboard-free-v1.1.2/dashboard.php on line 452
[09-Feb-2018 04:36:43 UTC] PHP Stack trace:
[09-Feb-2018 04:36:43 UTC] PHP   1. {main}() /home/ubuntu/workspace/Admin Portal/paper-dashboard-free-v1.1.2/paper-dashboard-free-v1.1.2/dashboard.php:0
[09-Feb-2018 04:36:43 UTC] PHP Warning:  mysqli_num_rows() expects parameter 1 to be mysqli_result, null given in /home/ubuntu/workspace/Admin Portal/paper-dashboard-free-v1.1.2/paper-dashboard-free-v1.1.2/dashboard.php on line 452
[09-Feb-2018 04:36:43 UTC] PHP Stack trace:
[09-Feb-2018 04:36:43 UTC] PHP   1. {main}() /home/ubuntu/workspace/Admin Portal/paper-dashboard-free-v1.1.2/paper-dashboard-free-v1.1.2/dashboard.php:0
[09-Feb-2018 04:36:43 UTC] PHP   2. mysqli_num_rows() /home/ubuntu/workspace/Admin Portal/paper-dashboard-free-v1.1.2/paper-dashboard-free-v1.1.2/dashboard.php:452
[09-Feb-2018 04:36:45 UTC] PHP Deprecated:  mysql_connect(): The mysql extension is deprecated and will be removed in the future: use mysqli or PDO instead in /home/ubuntu/workspace/Admin Portal/paper-dashboard-free-v1.1.2/paper-dashboard-free-v1.1.2/dashboard.php on line 48
[09-Feb-2018 04:36:45 UTC] PHP Stack trace:
[09-Feb-2018 04:36:45 UTC] PHP   1. {main}() /home/ubuntu/workspace/Admin Portal/paper-dashboard-free-v1.1.2/paper-dashboard-free-v1.1.2/dashboard.php:0
[09-Feb-2018 04:36:45 UTC] PHP   2. mysql_connect() /home/ubuntu/workspace/Admin Portal/paper-dashboard-free-v1.1.2/paper-dashboard-free-v1.1.2/dashboard.php:48
[09-Feb-2018 04:36:49 UTC] PHP Notice:  Undefined variable: num_rows in /home/ubuntu/workspace/Admin Portal/paper-dashboard-free-v1.1.2/paper-dashboard-free-v1.1.2/dashboard.php on line 353
[09-Feb-2018 04:36:49 UTC] PHP Stack trace:
[09-Feb-2018 04:36:49 UTC] PHP   1. {main}() /home/ubuntu/workspace/Admin Portal/paper-dashboard-free-v1.1.2/paper-dashboard-free-v1.1.2/dashboard.php:0
[09-Feb-2018 04:36:49 UTC] PHP Notice:  Undefined variable: smenum_rows in /home/ubuntu/workspace/Admin Portal/paper-dashboard-free-v1.1.2/paper-dashboard-free-v1.1.2/dashboard.php on line 378
[09-Feb-2018 04:36:49 UTC] PHP Stack trace:
[09-Feb-2018 04:36:49 UTC] PHP   1. {main}() /home/ubuntu/workspace/Admin Portal/paper-dashboard-free-v1.1.2/paper-dashboard-free-v1.1.2/dashboard.php:0
[09-Feb-2018 04:36:49 UTC] PHP Notice:  Undefined variable: projnum_rows in /home/ubuntu/workspace/Admin Portal/paper-dashboard-free-v1.1.2/paper-dashboard-free-v1.1.2/dashboard.php on line 403
[09-Feb-2018 04:36:49 UTC] PHP Stack trace:
[09-Feb-2018 04:36:49 UTC] PHP   1. {main}() /home/ubuntu/workspace/Admin Portal/paper-dashboard-free-v1.1.2/paper-dashboard-free-v1.1.2/dashboard.php:0
[09-Feb-2018 04:36:49 UTC] PHP Notice:  Undefined variable: res in /home/ubuntu/workspace/Admin Portal/paper-dashboard-free-v1.1.2/paper-dashboard-free-v1.1.2/dashboard.php on line 452
[09-Feb-2018 04:36:49 UTC] PHP Stack trace:
[09-Feb-2018 04:36:49 UTC] PHP   1. {main}() /home/ubuntu/workspace/Admin Portal/paper-dashboard-free-v1.1.2/paper-dashboard-free-v1.1.2/dashboard.php:0
[09-Feb-2018 04:36:49 UTC] PHP Warning:  mysqli_num_rows() expects parameter 1 to be mysqli_result, null given in /home/ubuntu/workspace/Admin Portal/paper-dashboard-free-v1.1.2/paper-dashboard-free-v1.1.2/dashboard.php on line 452
[09-Feb-2018 04:36:49 UTC] PHP Stack trace:
[09-Feb-2018 04:36:49 UTC] PHP   1. {main}() /home/ubuntu/workspace/Admin Portal/paper-dashboard-free-v1.1.2/paper-dashboard-free-v1.1.2/dashboard.php:0
[09-Feb-2018 04:36:49 UTC] PHP   2. mysqli_num_rows() /home/ubuntu/workspace/Admin Portal/paper-dashboard-free-v1.1.2/paper-dashboard-free-v1.1.2/dashboard.php:452
[09-Feb-2018 04:36:50 UTC] PHP Deprecated:  mysql_connect(): The mysql extension is deprecated and will be removed in the future: use mysqli or PDO instead in /home/ubuntu/workspace/Admin Portal/paper-dashboard-free-v1.1.2/paper-dashboard-free-v1.1.2/dashboard.php on line 48
[09-Feb-2018 04:36:50 UTC] PHP Stack trace:
[09-Feb-2018 04:36:50 UTC] PHP   1. {main}() /home/ubuntu/workspace/Admin Portal/paper-dashboard-free-v1.1.2/paper-dashboard-free-v1.1.2/dashboard.php:0
[09-Feb-2018 04:36:50 UTC] PHP   2. mysql_connect() /home/ubuntu/workspace/Admin Portal/paper-dashboard-free-v1.1.2/paper-dashboard-free-v1.1.2/dashboard.php:48
[09-Feb-2018 04:38:11 UTC] PHP Deprecated:  mysql_connect(): The mysql extension is deprecated and will be removed in the future: use mysqli or PDO instead in /home/ubuntu/workspace/Admin Portal/paper-dashboard-free-v1.1.2/paper-dashboard-free-v1.1.2/dashboard.php on line 44
[09-Feb-2018 04:38:11 UTC] PHP Stack trace:
[09-Feb-2018 04:38:11 UTC] PHP   1. {main}() /home/ubuntu/workspace/Admin Portal/paper-dashboard-free-v1.1.2/paper-dashboard-free-v1.1.2/dashboard.php:0
[09-Feb-2018 04:38:11 UTC] PHP   2. mysql_connect() /home/ubuntu/workspace/Admin Portal/paper-dashboard-free-v1.1.2/paper-dashboard-free-v1.1.2/dashboard.php:44
[09-Feb-2018 04:38:16 UTC] PHP Deprecated:  mysql_connect(): The mysql extension is deprecated and will be removed in the future: use mysqli or PDO instead in /home/ubuntu/workspace/Admin Portal/paper-dashboard-free-v1.1.2/paper-dashboard-free-v1.1.2/dashboard.php on line 7
[09-Feb-2018 04:38:16 UTC] PHP Stack trace:
[09-Feb-2018 04:38:16 UTC] PHP   1. {main}() /home/ubuntu/workspace/Admin Portal/paper-dashboard-free-v1.1.2/paper-dashboard-free-v1.1.2/dashboard.php:0
[09-Feb-2018 04:38:16 UTC] PHP   2. mysql_connect() /home/ubuntu/workspace/Admin Portal/paper-dashboard-free-v1.1.2/paper-dashboard-free-v1.1.2/dashboard.php:7
[09-Feb-2018 04:38:23 UTC] PHP Deprecated:  mysql_connect(): The mysql extension is deprecated and will be removed in the future: use mysqli or PDO instead in /home/ubuntu/workspace/Admin Portal/paper-dashboard-free-v1.1.2/paper-dashboard-free-v1.1.2/dashboard.php on line 7
[09-Feb-2018 04:38:23 UTC] PHP Stack trace:
[09-Feb-2018 04:38:23 UTC] PHP   1. {main}() /home/ubuntu/workspace/Admin Portal/paper-dashboard-free-v1.1.2/paper-dashboard-free-v1.1.2/dashboard.php:0
[09-Feb-2018 04:38:23 UTC] PHP   2. mysql_connect() /home/ubuntu/workspace/Admin Portal/paper-dashboard-free-v1.1.2/paper-dashboard-free-v1.1.2/dashboard.php:7
[09-Feb-2018 04:38:35 UTC] PHP Deprecated:  mysql_connect(): The mysql extension is deprecated and will be removed in the future: use mysqli or PDO instead in /home/ubuntu/workspace/Admin Portal/paper-dashboard-free-v1.1.2/paper-dashboard-free-v1.1.2/dashboard.php on line 7
[09-Feb-2018 04:38:35 UTC] PHP Stack trace:
[09-Feb-2018 04:38:35 UTC] PHP   1. {main}() /home/ubuntu/workspace/Admin Portal/paper-dashboard-free-v1.1.2/paper-dashboard-free-v1.1.2/dashboard.php:0
[09-Feb-2018 04:38:35 UTC] PHP   2. mysql_connect() /home/ubuntu/workspace/Admin Portal/paper-dashboard-free-v1.1.2/paper-dashboard-free-v1.1.2/dashboard.php:7
[09-Feb-2018 04:38:41 UTC] PHP Deprecated:  mysql_connect(): The mysql extension is deprecated and will be removed in the future: use mysqli or PDO instead in /home/ubuntu/workspace/Admin Portal/paper-dashboard-free-v1.1.2/paper-dashboard-free-v1.1.2/dashboard.php on line 7
[09-Feb-2018 04:38:41 UTC] PHP Stack trace:
[09-Feb-2018 04:38:41 UTC] PHP   1. {main}() /home/ubuntu/workspace/Admin Portal/paper-dashboard-free-v1.1.2/paper-dashboard-free-v1.1.2/dashboard.php:0
[09-Feb-2018 04:38:41 UTC] PHP   2. mysql_connect() /home/ubuntu/workspace/Admin Portal/paper-dashboard-free-v1.1.2/paper-dashboard-free-v1.1.2/dashboard.php:7
[09-Feb-2018 04:38:50 UTC] PHP Deprecated:  mysql_connect(): The mysql extension is deprecated and will be removed in the future: use mysqli or PDO instead in /home/ubuntu/workspace/Admin Portal/paper-dashboard-free-v1.1.2/paper-dashboard-free-v1.1.2/dashboard.php on line 7
[09-Feb-2018 04:38:50 UTC] PHP Stack trace:
[09-Feb-2018 04:38:50 UTC] PHP   1. {main}() /home/ubuntu/workspace/Admin Portal/paper-dashboard-free-v1.1.2/paper-dashboard-free-v1.1.2/dashboard.php:0
[09-Feb-2018 04:38:50 UTC] PHP   2. mysql_connect() /home/ubuntu/workspace/Admin Portal/paper-dashboard-free-v1.1.2/paper-dashboard-free-v1.1.2/dashboard.php:7
[09-Feb-2018 04:38:54 UTC] PHP Deprecated:  mysql_connect(): The mysql extension is deprecated and will be removed in the future: use mysqli or PDO instead in /home/ubuntu/workspace/Admin Portal/paper-dashboard-free-v1.1.2/paper-dashboard-free-v1.1.2/dashboard.php on line 7
[09-Feb-2018 04:38:54 UTC] PHP Stack trace:
[09-Feb-2018 04:38:54 UTC] PHP   1. {main}() /home/ubuntu/workspace/Admin Portal/paper-dashboard-free-v1.1.2/paper-dashboard-free-v1.1.2/dashboard.php:0
[09-Feb-2018 04:38:54 UTC] PHP   2. mysql_connect() /home/ubuntu/workspace/Admin Portal/paper-dashboard-free-v1.1.2/paper-dashboard-free-v1.1.2/dashboard.php:7
[09-Feb-2018 04:39:00 UTC] PHP Deprecated:  mysql_connect(): The mysql extension is deprecated and will be removed in the future: use mysqli or PDO instead in /home/ubuntu/workspace/Admin Portal/paper-dashboard-free-v1.1.2/paper-dashboard-free-v1.1.2/dashboard.php on line 7
[09-Feb-2018 04:39:00 UTC] PHP Stack trace:
[09-Feb-2018 04:39:00 UTC] PHP   1. {main}() /home/ubuntu/workspace/Admin Portal/paper-dashboard-free-v1.1.2/paper-dashboard-free-v1.1.2/dashboard.php:0
[09-Feb-2018 04:39:00 UTC] PHP   2. mysql_connect() /home/ubuntu/workspace/Admin Portal/paper-dashboard-free-v1.1.2/paper-dashboard-free-v1.1.2/dashboard.php:7
[09-Feb-2018 04:39:47 UTC] PHP Deprecated:  mysql_connect(): The mysql extension is deprecated and will be removed in the future: use mysqli or PDO instead in /home/ubuntu/workspace/Admin Portal/paper-dashboard-free-v1.1.2/paper-dashboard-free-v1.1.2/dashboard.php on line 7
[09-Feb-2018 04:39:47 UTC] PHP Stack trace:
[09-Feb-2018 04:39:47 UTC] PHP   1. {main}() /home/ubuntu/workspace/Admin Portal/paper-dashboard-free-v1.1.2/paper-dashboard-free-v1.1.2/dashboard.php:0
[09-Feb-2018 04:39:47 UTC] PHP   2. mysql_connect() /home/ubuntu/workspace/Admin Portal/paper-dashboard-free-v1.1.2/paper-dashboard-free-v1.1.2/dashboard.php:7
[09-Feb-2018 04:40:39 UTC] PHP Deprecated:  mysql_connect(): The mysql extension is deprecated and will be removed in the future: use mysqli or PDO instead in /home/ubuntu/workspace/Admin Portal/paper-dashboard-free-v1.1.2/paper-dashboard-free-v1.1.2/dashboard.php on line 7
[09-Feb-2018 04:40:39 UTC] PHP Stack trace:
[09-Feb-2018 04:40:39 UTC] PHP   1. {main}() /home/ubuntu/workspace/Admin Portal/paper-dashboard-free-v1.1.2/paper-dashboard-free-v1.1.2/dashboard.php:0
[09-Feb-2018 04:40:39 UTC] PHP   2. mysql_connect() /home/ubuntu/workspace/Admin Portal/paper-dashboard-free-v1.1.2/paper-dashboard-free-v1.1.2/dashboard.php:7
[09-Feb-2018 04:40:53 UTC] PHP Deprecated:  mysql_connect(): The mysql extension is deprecated and will be removed in the future: use mysqli or PDO instead in /home/ubuntu/workspace/Admin Portal/paper-dashboard-free-v1.1.2/paper-dashboard-free-v1.1.2/dashboard.php on line 7
[09-Feb-2018 04:40:53 UTC] PHP Stack trace:
[09-Feb-2018 04:40:53 UTC] PHP   1. {main}() /home/ubuntu/workspace/Admin Portal/paper-dashboard-free-v1.1.2/paper-dashboard-free-v1.1.2/dashboard.php:0
[09-Feb-2018 04:40:53 UTC] PHP   2. mysql_connect() /home/ubuntu/workspace/Admin Portal/paper-dashboard-free-v1.1.2/paper-dashboard-free-v1.1.2/dashboard.php:7
[09-Feb-2018 04:41:24 UTC] PHP Deprecated:  mysql_connect(): The mysql extension is deprecated and will be removed in the future: use mysqli or PDO instead in /home/ubuntu/workspace/Admin Portal/paper-dashboard-free-v1.1.2/paper-dashboard-free-v1.1.2/dashboard.php on line 44
[09-Feb-2018 04:41:24 UTC] PHP Stack trace:
[09-Feb-2018 04:41:24 UTC] PHP   1. {main}() /home/ubuntu/workspace/Admin Portal/paper-dashboard-free-v1.1.2/paper-dashboard-free-v1.1.2/dashboard.php:0
[09-Feb-2018 04:41:24 UTC] PHP   2. mysql_connect() /home/ubuntu/workspace/Admin Portal/paper-dashboard-free-v1.1.2/paper-dashboard-free-v1.1.2/dashboard.php:44
[09-Feb-2018 04:44:16 UTC] PHP Deprecated:  mysql_connect(): The mysql extension is deprecated and will be removed in the future: use mysqli or PDO instead in /home/ubuntu/workspace/Admin Portal/paper-dashboard-free-v1.1.2/paper-dashboard-free-v1.1.2/dashboard.php on line 44
[09-Feb-2018 04:44:16 UTC] PHP Stack trace:
[09-Feb-2018 04:44:16 UTC] PHP   1. {main}() /home/ubuntu/workspace/Admin Portal/paper-dashboard-free-v1.1.2/paper-dashboard-free-v1.1.2/dashboard.php:0
[09-Feb-2018 04:44:16 UTC] PHP   2. mysql_connect() /home/ubuntu/workspace/Admin Portal/paper-dashboard-free-v1.1.2/paper-dashboard-free-v1.1.2/dashboard.php:44
[09-Feb-2018 04:48:21 UTC] PHP Deprecated:  mysql_connect(): The mysql extension is deprecated and will be removed in the future: use mysqli or PDO instead in /home/ubuntu/workspace/Admin Portal/paper-dashboard-free-v1.1.2/paper-dashboard-free-v1.1.2/dashboard.php on line 44
[09-Feb-2018 04:48:21 UTC] PHP Stack trace:
[09-Feb-2018 04:48:21 UTC] PHP   1. {main}() /home/ubuntu/workspace/Admin Portal/paper-dashboard-free-v1.1.2/paper-dashboard-free-v1.1.2/dashboard.php:0
[09-Feb-2018 04:48:21 UTC] PHP   2. mysql_connect() /home/ubuntu/workspace/Admin Portal/paper-dashboard-free-v1.1.2/paper-dashboard-free-v1.1.2/dashboard.php:44
[09-Feb-2018 04:49:31 UTC] PHP Deprecated:  mysql_connect(): The mysql extension is deprecated and will be removed in the future: use mysqli or PDO instead in /home/ubuntu/workspace/Admin Portal/paper-dashboard-free-v1.1.2/paper-dashboard-free-v1.1.2/dashboard.php on line 44
[09-Feb-2018 04:49:31 UTC] PHP Stack trace:
[09-Feb-2018 04:49:31 UTC] PHP   1. {main}() /home/ubuntu/workspace/Admin Portal/paper-dashboard-free-v1.1.2/paper-dashboard-free-v1.1.2/dashboard.php:0
[09-Feb-2018 04:49:31 UTC] PHP   2. mysql_connect() /home/ubuntu/workspace/Admin Portal/paper-dashboard-free-v1.1.2/paper-dashboard-free-v1.1.2/dashboard.php:44
[09-Feb-2018 04:50:03 UTC] PHP Deprecated:  mysql_connect(): The mysql extension is deprecated and will be removed in the future: use mysqli or PDO instead in /home/ubuntu/workspace/Admin Portal/paper-dashboard-free-v1.1.2/paper-dashboard-free-v1.1.2/dashboard.php on line 44
[09-Feb-2018 04:50:03 UTC] PHP Stack trace:
[09-Feb-2018 04:50:03 UTC] PHP   1. {main}() /home/ubuntu/workspace/Admin Portal/paper-dashboard-free-v1.1.2/paper-dashboard-free-v1.1.2/dashboard.php:0
[09-Feb-2018 04:50:03 UTC] PHP   2. mysql_connect() /home/ubuntu/workspace/Admin Portal/paper-dashboard-free-v1.1.2/paper-dashboard-free-v1.1.2/dashboard.php:44
[09-Feb-2018 07:07:39 UTC] PHP Deprecated:  mysql_connect(): The mysql extension is deprecated and will be removed in the future: use mysqli or PDO instead in /home/ubuntu/workspace/Admin Portal/paper-dashboard-free-v1.1.2/paper-dashboard-free-v1.1.2/dashboard.php on line 44
[09-Feb-2018 07:07:39 UTC] PHP Stack trace:
[09-Feb-2018 07:07:39 UTC] PHP   1. {main}() /home/ubuntu/workspace/Admin Portal/paper-dashboard-free-v1.1.2/paper-dashboard-free-v1.1.2/dashboard.php:0
[09-Feb-2018 07:07:39 UTC] PHP   2. mysql_connect() /home/ubuntu/workspace/Admin Portal/paper-dashboard-free-v1.1.2/paper-dashboard-free-v1.1.2/dashboard.php:44
[09-Feb-2018 07:11:21 UTC] PHP Deprecated:  mysql_connect(): The mysql extension is deprecated and will be removed in the future: use mysqli or PDO instead in /home/ubuntu/workspace/Admin Portal/paper-dashboard-free-v1.1.2/paper-dashboard-free-v1.1.2/dashboard.php on line 44
[09-Feb-2018 07:11:21 UTC] PHP Stack trace:
[09-Feb-2018 07:11:21 UTC] PHP   1. {main}() /home/ubuntu/workspace/Admin Portal/paper-dashboard-free-v1.1.2/paper-dashboard-free-v1.1.2/dashboard.php:0
[09-Feb-2018 07:11:21 UTC] PHP   2. mysql_connect() /home/ubuntu/workspace/Admin Portal/paper-dashboard-free-v1.1.2/paper-dashboard-free-v1.1.2/dashboard.php:44
[09-Feb-2018 07:17:09 UTC] PHP Deprecated:  mysql_connect(): The mysql extension is deprecated and will be removed in the future: use mysqli or PDO instead in /home/ubuntu/workspace/Admin Portal/paper-dashboard-free-v1.1.2/paper-dashboard-free-v1.1.2/dashboard.php on line 44
[09-Feb-2018 07:17:09 UTC] PHP Stack trace:
[09-Feb-2018 07:17:09 UTC] PHP   1. {main}() /home/ubuntu/workspace/Admin Portal/paper-dashboard-free-v1.1.2/paper-dashboard-free-v1.1.2/dashboard.php:0
[09-Feb-2018 07:17:09 UTC] PHP   2. mysql_connect() /home/ubuntu/workspace/Admin Portal/paper-dashboard-free-v1.1.2/paper-dashboard-free-v1.1.2/dashboard.php:44
[09-Feb-2018 07:18:24 UTC] PHP Deprecated:  mysql_connect(): The mysql extension is deprecated and will be removed in the future: use mysqli or PDO instead in /home/ubuntu/workspace/Admin Portal/paper-dashboard-free-v1.1.2/paper-dashboard-free-v1.1.2/dashboard.php on line 44
[09-Feb-2018 07:18:24 UTC] PHP Stack trace:
[09-Feb-2018 07:18:24 UTC] PHP   1. {main}() /home/ubuntu/workspace/Admin Portal/paper-dashboard-free-v1.1.2/paper-dashboard-free-v1.1.2/dashboard.php:0
[09-Feb-2018 07:18:24 UTC] PHP   2. mysql_connect() /home/ubuntu/workspace/Admin Portal/paper-dashboard-free-v1.1.2/paper-dashboard-free-v1.1.2/dashboard.php:44
[09-Feb-2018 07:25:22 UTC] PHP Deprecated:  mysql_connect(): The mysql extension is deprecated and will be removed in the future: use mysqli or PDO instead in /home/ubuntu/workspace/Admin Portal/paper-dashboard-free-v1.1.2/paper-dashboard-free-v1.1.2/dashboard.php on line 44
[09-Feb-2018 07:25:22 UTC] PHP Stack trace:
[09-Feb-2018 07:25:22 UTC] PHP   1. {main}() /home/ubuntu/workspace/Admin Portal/paper-dashboard-free-v1.1.2/paper-dashboard-free-v1.1.2/dashboard.php:0
[09-Feb-2018 07:25:22 UTC] PHP   2. mysql_connect() /home/ubuntu/workspace/Admin Portal/paper-dashboard-free-v1.1.2/paper-dashboard-free-v1.1.2/dashboard.php:44
