[06-Feb-2018 22:09:38 UTC] PHP Warning:  mysqli::mysqli(): (HY000/1049): Unknown database 'city' in /home/ubuntu/workspace/Admin Portal/paper-dashboard-free-v1.1.2/paper-dashboard-free-v1.1.2/documentation/css/Country-State-City-Using-Ajax-master/include/db_connect.php on line 4
[06-Feb-2018 22:09:38 UTC] PHP Stack trace:
[06-Feb-2018 22:09:38 UTC] PHP   1. {main}() /home/ubuntu/workspace/Admin Portal/paper-dashboard-free-v1.1.2/paper-dashboard-free-v1.1.2/documentation/css/Country-State-City-Using-Ajax-master/countryAjaxData.php:0
[06-Feb-2018 22:09:38 UTC] PHP   2. include() /home/ubuntu/workspace/Admin Portal/paper-dashboard-free-v1.1.2/paper-dashboard-free-v1.1.2/documentation/css/Country-State-City-Using-Ajax-master/countryAjaxData.php:4
[06-Feb-2018 22:09:38 UTC] PHP   3. mysqli->mysqli() /home/ubuntu/workspace/Admin Portal/paper-dashboard-free-v1.1.2/paper-dashboard-free-v1.1.2/documentation/css/Country-State-City-Using-Ajax-master/include/db_connect.php:4
[06-Feb-2018 22:09:38 UTC] PHP Warning:  mysqli::query(): Couldn't fetch mysqli in /home/ubuntu/workspace/Admin Portal/paper-dashboard-free-v1.1.2/paper-dashboard-free-v1.1.2/documentation/css/Country-State-City-Using-Ajax-master/countryAjaxData.php on line 6
[06-Feb-2018 22:09:38 UTC] PHP Stack trace:
[06-Feb-2018 22:09:38 UTC] PHP   1. {main}() /home/ubuntu/workspace/Admin Portal/paper-dashboard-free-v1.1.2/paper-dashboard-free-v1.1.2/documentation/css/Country-State-City-Using-Ajax-master/countryAjaxData.php:0
[06-Feb-2018 22:09:38 UTC] PHP   2. mysqli->query() /home/ubuntu/workspace/Admin Portal/paper-dashboard-free-v1.1.2/paper-dashboard-free-v1.1.2/documentation/css/Country-State-City-Using-Ajax-master/countryAjaxData.php:6
[06-Feb-2018 22:12:38 UTC] PHP Warning:  mysqli::mysqli(): (HY000/1045): Access denied for user 'conoehorgan95'@'localhost' (using password: NO) in /home/ubuntu/workspace/Admin Portal/paper-dashboard-free-v1.1.2/paper-dashboard-free-v1.1.2/documentation/css/Country-State-City-Using-Ajax-master/include/db_connect.php on line 4
[06-Feb-2018 22:12:38 UTC] PHP Stack trace:
[06-Feb-2018 22:12:38 UTC] PHP   1. {main}() /home/ubuntu/workspace/Admin Portal/paper-dashboard-free-v1.1.2/paper-dashboard-free-v1.1.2/documentation/css/Country-State-City-Using-Ajax-master/countryAjaxData.php:0
[06-Feb-2018 22:12:38 UTC] PHP   2. include() /home/ubuntu/workspace/Admin Portal/paper-dashboard-free-v1.1.2/paper-dashboard-free-v1.1.2/documentation/css/Country-State-City-Using-Ajax-master/countryAjaxData.php:4
[06-Feb-2018 22:12:38 UTC] PHP   3. mysqli->mysqli() /home/ubuntu/workspace/Admin Portal/paper-dashboard-free-v1.1.2/paper-dashboard-free-v1.1.2/documentation/css/Country-State-City-Using-Ajax-master/include/db_connect.php:4
[06-Feb-2018 22:12:38 UTC] PHP Warning:  mysqli::query(): Couldn't fetch mysqli in /home/ubuntu/workspace/Admin Portal/paper-dashboard-free-v1.1.2/paper-dashboard-free-v1.1.2/documentation/css/Country-State-City-Using-Ajax-master/countryAjaxData.php on line 6
[06-Feb-2018 22:12:38 UTC] PHP Stack trace:
[06-Feb-2018 22:12:38 UTC] PHP   1. {main}() /home/ubuntu/workspace/Admin Portal/paper-dashboard-free-v1.1.2/paper-dashboard-free-v1.1.2/documentation/css/Country-State-City-Using-Ajax-master/countryAjaxData.php:0
[06-Feb-2018 22:12:38 UTC] PHP   2. mysqli->query() /home/ubuntu/workspace/Admin Portal/paper-dashboard-free-v1.1.2/paper-dashboard-free-v1.1.2/documentation/css/Country-State-City-Using-Ajax-master/countryAjaxData.php:6
[06-Feb-2018 22:13:13 UTC] PHP Warning:  mysqli::mysqli(): (HY000/1045): Access denied for user 'conoehorgan95'@'localhost' (using password: NO) in /home/ubuntu/workspace/Admin Portal/paper-dashboard-free-v1.1.2/paper-dashboard-free-v1.1.2/documentation/css/Country-State-City-Using-Ajax-master/include/db_connect.php on line 4
[06-Feb-2018 22:13:13 UTC] PHP Stack trace:
[06-Feb-2018 22:13:13 UTC] PHP   1. {main}() /home/ubuntu/workspace/Admin Portal/paper-dashboard-free-v1.1.2/paper-dashboard-free-v1.1.2/documentation/css/Country-State-City-Using-Ajax-master/countryAjaxData.php:0
[06-Feb-2018 22:13:13 UTC] PHP   2. include() /home/ubuntu/workspace/Admin Portal/paper-dashboard-free-v1.1.2/paper-dashboard-free-v1.1.2/documentation/css/Country-State-City-Using-Ajax-master/countryAjaxData.php:4
[06-Feb-2018 22:13:13 UTC] PHP   3. mysqli->mysqli() /home/ubuntu/workspace/Admin Portal/paper-dashboard-free-v1.1.2/paper-dashboard-free-v1.1.2/documentation/css/Country-State-City-Using-Ajax-master/include/db_connect.php:4
[06-Feb-2018 22:13:13 UTC] PHP Warning:  mysqli::query(): Couldn't fetch mysqli in /home/ubuntu/workspace/Admin Portal/paper-dashboard-free-v1.1.2/paper-dashboard-free-v1.1.2/documentation/css/Country-State-City-Using-Ajax-master/countryAjaxData.php on line 6
[06-Feb-2018 22:13:13 UTC] PHP Stack trace:
[06-Feb-2018 22:13:13 UTC] PHP   1. {main}() /home/ubuntu/workspace/Admin Portal/paper-dashboard-free-v1.1.2/paper-dashboard-free-v1.1.2/documentation/css/Country-State-City-Using-Ajax-master/countryAjaxData.php:0
[06-Feb-2018 22:13:13 UTC] PHP   2. mysqli->query() /home/ubuntu/workspace/Admin Portal/paper-dashboard-free-v1.1.2/paper-dashboard-free-v1.1.2/documentation/css/Country-State-City-Using-Ajax-master/countryAjaxData.php:6
[06-Feb-2018 22:17:01 UTC] PHP Warning:  include(/Admin Portal/paper-dashboard-free-v1.1.2/paper-dashboard-free-v1.1.2/documentation/css/Country-State-City-Using-Ajax-master/include/db_connect.php): failed to open stream: No such file or directory in /home/ubuntu/workspace/Admin Portal/paper-dashboard-free-v1.1.2/paper-dashboard-free-v1.1.2/documentation/css/Country-State-City-Using-Ajax-master/countryAjaxData.php on line 4
[06-Feb-2018 22:17:01 UTC] PHP Stack trace:
[06-Feb-2018 22:17:01 UTC] PHP   1. {main}() /home/ubuntu/workspace/Admin Portal/paper-dashboard-free-v1.1.2/paper-dashboard-free-v1.1.2/documentation/css/Country-State-City-Using-Ajax-master/countryAjaxData.php:0
[06-Feb-2018 22:17:01 UTC] PHP Warning:  include(): Failed opening '/Admin Portal/paper-dashboard-free-v1.1.2/paper-dashboard-free-v1.1.2/documentation/css/Country-State-City-Using-Ajax-master/include/db_connect.php' for inclusion (include_path='.:/usr/share/php:/usr/share/pear') in /home/ubuntu/workspace/Admin Portal/paper-dashboard-free-v1.1.2/paper-dashboard-free-v1.1.2/documentation/css/Country-State-City-Using-Ajax-master/countryAjaxData.php on line 4
[06-Feb-2018 22:17:01 UTC] PHP Stack trace:
[06-Feb-2018 22:17:01 UTC] PHP   1. {main}() /home/ubuntu/workspace/Admin Portal/paper-dashboard-free-v1.1.2/paper-dashboard-free-v1.1.2/documentation/css/Country-State-City-Using-Ajax-master/countryAjaxData.php:0
[06-Feb-2018 22:17:01 UTC] PHP Fatal error:  Call to a member function query() on a non-object in /home/ubuntu/workspace/Admin Portal/paper-dashboard-free-v1.1.2/paper-dashboard-free-v1.1.2/documentation/css/Country-State-City-Using-Ajax-master/countryAjaxData.php on line 6
[06-Feb-2018 22:17:01 UTC] PHP Stack trace:
[06-Feb-2018 22:17:01 UTC] PHP   1. {main}() /home/ubuntu/workspace/Admin Portal/paper-dashboard-free-v1.1.2/paper-dashboard-free-v1.1.2/documentation/css/Country-State-City-Using-Ajax-master/countryAjaxData.php:0
[06-Feb-2018 22:17:56 UTC] PHP Warning:  include(/Admin Portal/paper-dashboard-free-v1.1.2/paper-dashboard-free-v1.1.2/documentation/css/Country-State-City-Using-Ajax-master/include/db_connect.php): failed to open stream: No such file or directory in /home/ubuntu/workspace/Admin Portal/paper-dashboard-free-v1.1.2/paper-dashboard-free-v1.1.2/documentation/css/Country-State-City-Using-Ajax-master/countryAjaxData.php on line 4
[06-Feb-2018 22:17:56 UTC] PHP Stack trace:
[06-Feb-2018 22:17:56 UTC] PHP   1. {main}() /home/ubuntu/workspace/Admin Portal/paper-dashboard-free-v1.1.2/paper-dashboard-free-v1.1.2/documentation/css/Country-State-City-Using-Ajax-master/countryAjaxData.php:0
[06-Feb-2018 22:17:56 UTC] PHP Warning:  include(): Failed opening '/Admin Portal/paper-dashboard-free-v1.1.2/paper-dashboard-free-v1.1.2/documentation/css/Country-State-City-Using-Ajax-master/include/db_connect.php' for inclusion (include_path='.:/usr/share/php:/usr/share/pear') in /home/ubuntu/workspace/Admin Portal/paper-dashboard-free-v1.1.2/paper-dashboard-free-v1.1.2/documentation/css/Country-State-City-Using-Ajax-master/countryAjaxData.php on line 4
[06-Feb-2018 22:17:56 UTC] PHP Stack trace:
[06-Feb-2018 22:17:56 UTC] PHP   1. {main}() /home/ubuntu/workspace/Admin Portal/paper-dashboard-free-v1.1.2/paper-dashboard-free-v1.1.2/documentation/css/Country-State-City-Using-Ajax-master/countryAjaxData.php:0
[06-Feb-2018 22:17:56 UTC] PHP Fatal error:  Call to a member function query() on a non-object in /home/ubuntu/workspace/Admin Portal/paper-dashboard-free-v1.1.2/paper-dashboard-free-v1.1.2/documentation/css/Country-State-City-Using-Ajax-master/countryAjaxData.php on line 6
[06-Feb-2018 22:17:56 UTC] PHP Stack trace:
[06-Feb-2018 22:17:56 UTC] PHP   1. {main}() /home/ubuntu/workspace/Admin Portal/paper-dashboard-free-v1.1.2/paper-dashboard-free-v1.1.2/documentation/css/Country-State-City-Using-Ajax-master/countryAjaxData.php:0
[06-Feb-2018 22:19:00 UTC] PHP Warning:  include(/Admin Portal/paper-dashboard-free-v1.1.2/paper-dashboard-free-v1.1.2/documentation/css/Country-State-City-Using-Ajax-master/include/db_connect.php): failed to open stream: No such file or directory in /home/ubuntu/workspace/Admin Portal/paper-dashboard-free-v1.1.2/paper-dashboard-free-v1.1.2/documentation/css/Country-State-City-Using-Ajax-master/countryAjaxData.php on line 4
[06-Feb-2018 22:19:00 UTC] PHP Stack trace:
[06-Feb-2018 22:19:00 UTC] PHP   1. {main}() /home/ubuntu/workspace/Admin Portal/paper-dashboard-free-v1.1.2/paper-dashboard-free-v1.1.2/documentation/css/Country-State-City-Using-Ajax-master/countryAjaxData.php:0
[06-Feb-2018 22:19:00 UTC] PHP Warning:  include(): Failed opening '/Admin Portal/paper-dashboard-free-v1.1.2/paper-dashboard-free-v1.1.2/documentation/css/Country-State-City-Using-Ajax-master/include/db_connect.php' for inclusion (include_path='.:/usr/share/php:/usr/share/pear') in /home/ubuntu/workspace/Admin Portal/paper-dashboard-free-v1.1.2/paper-dashboard-free-v1.1.2/documentation/css/Country-State-City-Using-Ajax-master/countryAjaxData.php on line 4
[06-Feb-2018 22:19:00 UTC] PHP Stack trace:
[06-Feb-2018 22:19:00 UTC] PHP   1. {main}() /home/ubuntu/workspace/Admin Portal/paper-dashboard-free-v1.1.2/paper-dashboard-free-v1.1.2/documentation/css/Country-State-City-Using-Ajax-master/countryAjaxData.php:0
[06-Feb-2018 22:19:00 UTC] PHP Fatal error:  Call to a member function query() on a non-object in /home/ubuntu/workspace/Admin Portal/paper-dashboard-free-v1.1.2/paper-dashboard-free-v1.1.2/documentation/css/Country-State-City-Using-Ajax-master/countryAjaxData.php on line 6
[06-Feb-2018 22:19:00 UTC] PHP Stack trace:
[06-Feb-2018 22:19:00 UTC] PHP   1. {main}() /home/ubuntu/workspace/Admin Portal/paper-dashboard-free-v1.1.2/paper-dashboard-free-v1.1.2/documentation/css/Country-State-City-Using-Ajax-master/countryAjaxData.php:0
[06-Feb-2018 22:19:26 UTC] PHP Warning:  include(/Admin Portal/paper-dashboard-free-v1.1.2/paper-dashboard-free-v1.1.2/documentation/css/Country-State-City-Using-Ajax-master/include/db_connect.php): failed to open stream: No such file or directory in /home/ubuntu/workspace/Admin Portal/paper-dashboard-free-v1.1.2/paper-dashboard-free-v1.1.2/documentation/css/Country-State-City-Using-Ajax-master/countryAjaxData.php on line 4
[06-Feb-2018 22:19:26 UTC] PHP Stack trace:
[06-Feb-2018 22:19:26 UTC] PHP   1. {main}() /home/ubuntu/workspace/Admin Portal/paper-dashboard-free-v1.1.2/paper-dashboard-free-v1.1.2/documentation/css/Country-State-City-Using-Ajax-master/countryAjaxData.php:0
[06-Feb-2018 22:19:26 UTC] PHP Warning:  include(): Failed opening '/Admin Portal/paper-dashboard-free-v1.1.2/paper-dashboard-free-v1.1.2/documentation/css/Country-State-City-Using-Ajax-master/include/db_connect.php' for inclusion (include_path='.:/usr/share/php:/usr/share/pear') in /home/ubuntu/workspace/Admin Portal/paper-dashboard-free-v1.1.2/paper-dashboard-free-v1.1.2/documentation/css/Country-State-City-Using-Ajax-master/countryAjaxData.php on line 4
[06-Feb-2018 22:19:26 UTC] PHP Stack trace:
[06-Feb-2018 22:19:26 UTC] PHP   1. {main}() /home/ubuntu/workspace/Admin Portal/paper-dashboard-free-v1.1.2/paper-dashboard-free-v1.1.2/documentation/css/Country-State-City-Using-Ajax-master/countryAjaxData.php:0
[06-Feb-2018 22:19:26 UTC] PHP Fatal error:  Call to a member function query() on a non-object in /home/ubuntu/workspace/Admin Portal/paper-dashboard-free-v1.1.2/paper-dashboard-free-v1.1.2/documentation/css/Country-State-City-Using-Ajax-master/countryAjaxData.php on line 6
[06-Feb-2018 22:19:26 UTC] PHP Stack trace:
[06-Feb-2018 22:19:26 UTC] PHP   1. {main}() /home/ubuntu/workspace/Admin Portal/paper-dashboard-free-v1.1.2/paper-dashboard-free-v1.1.2/documentation/css/Country-State-City-Using-Ajax-master/countryAjaxData.php:0
